/*
 *  CMSIS Pack Debug Access Sequence Log
 *  File        : D:\Lab\iGEM\Robotic\MDK-ARM\Robotic_Sequences_0000.log
 *  Created     : 14:31:53 (28/08/2022)
 *  Device      : STM32F103C8
 *  PDSC File   : D:\Program Files\Arm\Packs\Keil\STM32F1xx_DFP\2.3.0\Keil.STM32F1xx_DFP.pdsc
 *  Config File : D:\Lab\iGEM\Robotic\MDK-ARM\DebugConfig\Robotic_STM32F103C8_1.0.0.dbgconf
 *
 */

[14:31:53.958]  **********  Sequence "DebugDeviceUnlock"  (Context="Connect", Pname="", info="")
[14:31:53.958]  
[14:31:53.958]  <debugvars>
[14:31:53.958]    // Pre-defined
[14:31:53.958]    __protocol=0x00010002      (Protocol="SWD", SWJ-DP="True")
[14:31:53.958]    __connection=0x00010202    (Connection Type="Flash", Reset Type="System Reset", Connection Under HW Reset)
[14:31:53.958]    __dp=0x00000000
[14:31:53.958]    __ap=0x00000000
[14:31:53.958]    __traceout=0x00000000      (Trace Disabled)
[14:31:53.958]    __errorcontrol=0x00000000  (Skip Errors="False")
[14:31:53.958]    __FlashAddr=0x00000000
[14:31:53.958]    __FlashLen=0x00000000
[14:31:53.958]    __FlashArg=0x00000000
[14:31:53.958]    __FlashOp=0x00000000
[14:31:53.958]    __Result=0x00000000
[14:31:53.963]    
[14:31:53.963]    // User-defined
[14:31:53.963]    DbgMCU_CR=0x00000007
[14:31:53.963]  </debugvars>
[14:31:53.963]  
[14:31:53.963]  <sequence name="DebugDeviceUnlock" Pname="" disable="false" info="">
[14:31:53.963]    <block atomic="false" info="">
[14:31:53.963]      Sequence("CheckID");
[14:31:53.963]        <sequence name="CheckID" Pname="" disable="false" info="">
[14:31:53.963]          <block atomic="false" info="">
[14:31:53.963]            __var pidr1 = 0;
[14:31:53.963]              // -> [pidr1 <= 0x00000000]
[14:31:53.963]            __var pidr2 = 0;
[14:31:53.963]              // -> [pidr2 <= 0x00000000]
[14:31:53.963]            __var jep106id = 0;
[14:31:53.963]              // -> [jep106id <= 0x00000000]
[14:31:53.963]            __var ROMTableBase = 0;
[14:31:53.963]              // -> [ROMTableBase <= 0x00000000]
[14:31:53.963]            __ap = 0;      // AHB-AP
[14:31:53.963]              // -> [__ap <= 0x00000000]
[14:31:53.963]            ROMTableBase = ReadAP(0xF8) & ~0x3;
[14:31:53.963]              // -> [ReadAP(0x000000F8) => 0xE00FF003]   (__dp=0x00000000, __ap=0x00000000)
[14:31:53.963]              // -> [ROMTableBase <= 0xE00FF000]
[14:31:53.963]            pidr1 = Read32(ROMTableBase + 0x0FE4);
[14:31:53.963]              // -> [Read32(0xE00FFFE4) => 0x00000004]   (__dp=0x00000000, __ap=0x00000000)
[14:31:53.963]              // -> [pidr1 <= 0x00000004]
[14:31:53.963]            pidr2 = Read32(ROMTableBase + 0x0FE8);
[14:31:53.963]              // -> [Read32(0xE00FFFE8) => 0x0000000A]   (__dp=0x00000000, __ap=0x00000000)
[14:31:53.963]              // -> [pidr2 <= 0x0000000A]
[14:31:53.963]            jep106id = ((pidr2 & 0x7) << 4 ) | ((pidr1 >> 4) & 0xF);
[14:31:53.963]              // -> [jep106id <= 0x00000020]
[14:31:53.963]          </block>
[14:31:53.963]          <control if="jep106id != 0x20" while="" timeout="0" info="">
[14:31:53.963]            // if-block "jep106id != 0x20"
[14:31:53.963]              // =>  FALSE
[14:31:53.963]            // skip if-block "jep106id != 0x20"
[14:31:53.963]          </control>
[14:31:53.963]        </sequence>
[14:31:53.963]    </block>
[14:31:53.963]  </sequence>
[14:31:53.963]  
[14:31:53.963]  **********  Sequence "DebugCoreStart"  (Context="Connect", Pname="", info="")
[14:31:53.963]  
[14:31:53.963]  <debugvars>
[14:31:53.963]    // Pre-defined
[14:31:53.963]    __protocol=0x00010002      (Protocol="SWD", SWJ-DP="True")
[14:31:53.963]    __connection=0x00010202    (Connection Type="Flash", Reset Type="System Reset", Connection Under HW Reset)
[14:31:53.969]    __dp=0x00000000
[14:31:53.969]    __ap=0x00000000
[14:31:53.969]    __traceout=0x00000000      (Trace Disabled)
[14:31:53.969]    __errorcontrol=0x00000000  (Skip Errors="False")
[14:31:53.969]    __FlashAddr=0x00000000
[14:31:53.969]    __FlashLen=0x00000000
[14:31:53.969]    __FlashArg=0x00000000
[14:31:53.969]    __FlashOp=0x00000000
[14:31:53.969]    __Result=0x00000000
[14:31:53.969]    
[14:31:53.969]    // User-defined
[14:31:53.969]    DbgMCU_CR=0x00000007
[14:31:53.969]  </debugvars>
[14:31:53.969]  
[14:31:53.969]  <sequence name="DebugCoreStart" Pname="" disable="false" info="">
[14:31:53.969]    <block atomic="false" info="">
[14:31:53.969]      Write32(0xE000EDF0, 0xA05F0001);                                        // Enable Core Debug via DHCSR
[14:31:53.969]        // -> [Write32(0xE000EDF0, 0xA05F0001)]   (__dp=0x00000000, __ap=0x00000000)
[14:31:53.969]      Write32(0xE0042004, DbgMCU_CR);                                         // DBGMCU_CR: Configure MCU Debug
[14:31:53.969]        // -> [Write32(0xE0042004, 0x00000007)]   (__dp=0x00000000, __ap=0x00000000)
[14:31:53.969]    </block>
[14:31:53.969]  </sequence>
[14:31:53.969]  
[14:34:30.484]  **********  Sequence "DebugDeviceUnlock"  (Context="Connect", Pname="", info="")
[14:34:30.484]  
[14:34:30.484]  <debugvars>
[14:34:30.484]    // Pre-defined
[14:34:30.484]    __protocol=0x00010002      (Protocol="SWD", SWJ-DP="True")
[14:34:30.484]    __connection=0x00010201    (Connection Type="Debug", Reset Type="System Reset", Connection Under HW Reset)
[14:34:30.484]    __dp=0x00000000
[14:34:30.484]    __ap=0x00000000
[14:34:30.484]    __traceout=0x00000000      (Trace Disabled)
[14:34:30.484]    __errorcontrol=0x00000000  (Skip Errors="False")
[14:34:30.484]    __FlashAddr=0x00000000
[14:34:30.484]    __FlashLen=0x00000000
[14:34:30.484]    __FlashArg=0x00000000
[14:34:30.484]    __FlashOp=0x00000000
[14:34:30.484]    __Result=0x00000000
[14:34:30.484]    
[14:34:30.484]    // User-defined
[14:34:30.484]    DbgMCU_CR=0x00000007
[14:34:30.484]  </debugvars>
[14:34:30.484]  
[14:34:30.484]  <sequence name="DebugDeviceUnlock" Pname="" disable="false" info="">
[14:34:30.484]    <block atomic="false" info="">
[14:34:30.484]      Sequence("CheckID");
[14:34:30.484]        <sequence name="CheckID" Pname="" disable="false" info="">
[14:34:30.484]          <block atomic="false" info="">
[14:34:30.484]            __var pidr1 = 0;
[14:34:30.484]              // -> [pidr1 <= 0x00000000]
[14:34:30.484]            __var pidr2 = 0;
[14:34:30.484]              // -> [pidr2 <= 0x00000000]
[14:34:30.484]            __var jep106id = 0;
[14:34:30.484]              // -> [jep106id <= 0x00000000]
[14:34:30.484]            __var ROMTableBase = 0;
[14:34:30.484]              // -> [ROMTableBase <= 0x00000000]
[14:34:30.484]            __ap = 0;      // AHB-AP
[14:34:30.499]              // -> [__ap <= 0x00000000]
[14:34:30.499]            ROMTableBase = ReadAP(0xF8) & ~0x3;
[14:34:30.499]              // -> [ReadAP(0x000000F8) => 0xE00FF003]   (__dp=0x00000000, __ap=0x00000000)
[14:34:30.499]              // -> [ROMTableBase <= 0xE00FF000]
[14:34:30.499]            pidr1 = Read32(ROMTableBase + 0x0FE4);
[14:34:30.499]              // -> [Read32(0xE00FFFE4) => 0x00000004]   (__dp=0x00000000, __ap=0x00000000)
[14:34:30.499]              // -> [pidr1 <= 0x00000004]
[14:34:30.499]            pidr2 = Read32(ROMTableBase + 0x0FE8);
[14:34:30.499]              // -> [Read32(0xE00FFFE8) => 0x0000000A]   (__dp=0x00000000, __ap=0x00000000)
[14:34:30.499]              // -> [pidr2 <= 0x0000000A]
[14:34:30.499]            jep106id = ((pidr2 & 0x7) << 4 ) | ((pidr1 >> 4) & 0xF);
[14:34:30.499]              // -> [jep106id <= 0x00000020]
[14:34:30.499]          </block>
[14:34:30.499]          <control if="jep106id != 0x20" while="" timeout="0" info="">
[14:34:30.499]            // if-block "jep106id != 0x20"
[14:34:30.499]              // =>  FALSE
[14:34:30.499]            // skip if-block "jep106id != 0x20"
[14:34:30.499]          </control>
[14:34:30.499]        </sequence>
[14:34:30.499]    </block>
[14:34:30.499]  </sequence>
[14:34:30.499]  
[14:34:30.499]  **********  Sequence "DebugCoreStart"  (Context="Connect", Pname="", info="")
[14:34:30.499]  
[14:34:30.499]  <debugvars>
[14:34:30.499]    // Pre-defined
[14:34:30.499]    __protocol=0x00010002      (Protocol="SWD", SWJ-DP="True")
[14:34:30.499]    __connection=0x00010201    (Connection Type="Debug", Reset Type="System Reset", Connection Under HW Reset)
[14:34:30.499]    __dp=0x00000000
[14:34:30.499]    __ap=0x00000000
[14:34:30.499]    __traceout=0x00000000      (Trace Disabled)
[14:34:30.499]    __errorcontrol=0x00000000  (Skip Errors="False")
[14:34:30.499]    __FlashAddr=0x00000000
[14:34:30.499]    __FlashLen=0x00000000
[14:34:30.499]    __FlashArg=0x00000000
[14:34:30.499]    __FlashOp=0x00000000
[14:34:30.499]    __Result=0x00000000
[14:34:30.499]    
[14:34:30.499]    // User-defined
[14:34:30.499]    DbgMCU_CR=0x00000007
[14:34:30.499]  </debugvars>
[14:34:30.499]  
[14:34:30.499]  <sequence name="DebugCoreStart" Pname="" disable="false" info="">
[14:34:30.499]    <block atomic="false" info="">
[14:34:30.499]      Write32(0xE000EDF0, 0xA05F0001);                                        // Enable Core Debug via DHCSR
[14:34:30.499]        // -> [Write32(0xE000EDF0, 0xA05F0001)]   (__dp=0x00000000, __ap=0x00000000)
[14:34:30.499]      Write32(0xE0042004, DbgMCU_CR);                                         // DBGMCU_CR: Configure MCU Debug
[14:34:30.499]        // -> [Write32(0xE0042004, 0x00000007)]   (__dp=0x00000000, __ap=0x00000000)
[14:34:30.499]    </block>
[14:34:30.499]  </sequence>
[14:34:30.499]  
[14:35:42.053]  **********  Sequence "DebugDeviceUnlock"  (Context="Connect", Pname="", info="")
[14:35:42.053]  
[14:35:42.075]  <debugvars>
[14:35:42.075]    // Pre-defined
[14:35:42.075]    __protocol=0x00010002      (Protocol="SWD", SWJ-DP="True")
[14:35:42.075]    __connection=0x00010202    (Connection Type="Flash", Reset Type="System Reset", Connection Under HW Reset)
[14:35:42.075]    __dp=0x00000000
[14:35:42.075]    __ap=0x00000000
[14:35:42.075]    __traceout=0x00000000      (Trace Disabled)
[14:35:42.075]    __errorcontrol=0x00000000  (Skip Errors="False")
[14:35:42.075]    __FlashAddr=0x00000000
[14:35:42.075]    __FlashLen=0x00000000
[14:35:42.075]    __FlashArg=0x00000000
[14:35:42.075]    __FlashOp=0x00000000
[14:35:42.075]    __Result=0x00000000
[14:35:42.075]    
[14:35:42.075]    // User-defined
[14:35:42.075]    DbgMCU_CR=0x00000007
[14:35:42.075]  </debugvars>
[14:35:42.075]  
[14:35:42.075]  <sequence name="DebugDeviceUnlock" Pname="" disable="false" info="">
[14:35:42.075]    <block atomic="false" info="">
[14:35:42.075]      Sequence("CheckID");
[14:35:42.075]        <sequence name="CheckID" Pname="" disable="false" info="">
[14:35:42.075]          <block atomic="false" info="">
[14:35:42.075]            __var pidr1 = 0;
[14:35:42.075]              // -> [pidr1 <= 0x00000000]
[14:35:42.075]            __var pidr2 = 0;
[14:35:42.075]              // -> [pidr2 <= 0x00000000]
[14:35:42.075]            __var jep106id = 0;
[14:35:42.075]              // -> [jep106id <= 0x00000000]
[14:35:42.075]            __var ROMTableBase = 0;
[14:35:42.075]              // -> [ROMTableBase <= 0x00000000]
[14:35:42.075]            __ap = 0;      // AHB-AP
[14:35:42.075]              // -> [__ap <= 0x00000000]
[14:35:42.075]            ROMTableBase = ReadAP(0xF8) & ~0x3;
[14:35:42.075]              // -> [ReadAP(0x000000F8) => 0xE00FF003]   (__dp=0x00000000, __ap=0x00000000)
[14:35:42.075]              // -> [ROMTableBase <= 0xE00FF000]
[14:35:42.075]            pidr1 = Read32(ROMTableBase + 0x0FE4);
[14:35:42.075]              // -> [Read32(0xE00FFFE4) => 0x00000004]   (__dp=0x00000000, __ap=0x00000000)
[14:35:42.075]              // -> [pidr1 <= 0x00000004]
[14:35:42.075]            pidr2 = Read32(ROMTableBase + 0x0FE8);
[14:35:42.075]              // -> [Read32(0xE00FFFE8) => 0x0000000A]   (__dp=0x00000000, __ap=0x00000000)
[14:35:42.075]              // -> [pidr2 <= 0x0000000A]
[14:35:42.075]            jep106id = ((pidr2 & 0x7) << 4 ) | ((pidr1 >> 4) & 0xF);
[14:35:42.075]              // -> [jep106id <= 0x00000020]
[14:35:42.075]          </block>
[14:35:42.075]          <control if="jep106id != 0x20" while="" timeout="0" info="">
[14:35:42.075]            // if-block "jep106id != 0x20"
[14:35:42.075]              // =>  FALSE
[14:35:42.075]            // skip if-block "jep106id != 0x20"
[14:35:42.075]          </control>
[14:35:42.075]        </sequence>
[14:35:42.075]    </block>
[14:35:42.075]  </sequence>
[14:35:42.075]  
[14:35:42.075]  **********  Sequence "DebugCoreStart"  (Context="Connect", Pname="", info="")
[14:35:42.075]  
[14:35:42.075]  <debugvars>
[14:35:42.075]    // Pre-defined
[14:35:42.075]    __protocol=0x00010002      (Protocol="SWD", SWJ-DP="True")
[14:35:42.075]    __connection=0x00010202    (Connection Type="Flash", Reset Type="System Reset", Connection Under HW Reset)
[14:35:42.075]    __dp=0x00000000
[14:35:42.075]    __ap=0x00000000
[14:35:42.075]    __traceout=0x00000000      (Trace Disabled)
[14:35:42.075]    __errorcontrol=0x00000000  (Skip Errors="False")
[14:35:42.075]    __FlashAddr=0x00000000
[14:35:42.075]    __FlashLen=0x00000000
[14:35:42.075]    __FlashArg=0x00000000
[14:35:42.075]    __FlashOp=0x00000000
[14:35:42.075]    __Result=0x00000000
[14:35:42.075]    
[14:35:42.075]    // User-defined
[14:35:42.075]    DbgMCU_CR=0x00000007
[14:35:42.075]  </debugvars>
[14:35:42.075]  
[14:35:42.075]  <sequence name="DebugCoreStart" Pname="" disable="false" info="">
[14:35:42.075]    <block atomic="false" info="">
[14:35:42.084]      Write32(0xE000EDF0, 0xA05F0001);                                        // Enable Core Debug via DHCSR
[14:35:42.084]        // -> [Write32(0xE000EDF0, 0xA05F0001)]   (__dp=0x00000000, __ap=0x00000000)
[14:35:42.084]      Write32(0xE0042004, DbgMCU_CR);                                         // DBGMCU_CR: Configure MCU Debug
[14:35:42.084]        // -> [Write32(0xE0042004, 0x00000007)]   (__dp=0x00000000, __ap=0x00000000)
[14:35:42.084]    </block>
[14:35:42.084]  </sequence>
[14:35:42.084]  
[14:35:45.763]  **********  Sequence "DebugDeviceUnlock"  (Context="Connect", Pname="", info="")
[14:35:45.763]  
[14:35:45.763]  <debugvars>
[14:35:45.763]    // Pre-defined
[14:35:45.763]    __protocol=0x00010002      (Protocol="SWD", SWJ-DP="True")
[14:35:45.763]    __connection=0x00010201    (Connection Type="Debug", Reset Type="System Reset", Connection Under HW Reset)
[14:35:45.763]    __dp=0x00000000
[14:35:45.763]    __ap=0x00000000
[14:35:45.763]    __traceout=0x00000000      (Trace Disabled)
[14:35:45.763]    __errorcontrol=0x00000000  (Skip Errors="False")
[14:35:45.763]    __FlashAddr=0x00000000
[14:35:45.763]    __FlashLen=0x00000000
[14:35:45.763]    __FlashArg=0x00000000
[14:35:45.763]    __FlashOp=0x00000000
[14:35:45.763]    __Result=0x00000000
[14:35:45.763]    
[14:35:45.763]    // User-defined
[14:35:45.763]    DbgMCU_CR=0x00000007
[14:35:45.763]  </debugvars>
[14:35:45.763]  
[14:35:45.763]  <sequence name="DebugDeviceUnlock" Pname="" disable="false" info="">
[14:35:45.763]    <block atomic="false" info="">
[14:35:45.763]      Sequence("CheckID");
[14:35:45.763]        <sequence name="CheckID" Pname="" disable="false" info="">
[14:35:45.763]          <block atomic="false" info="">
[14:35:45.763]            __var pidr1 = 0;
[14:35:45.763]              // -> [pidr1 <= 0x00000000]
[14:35:45.763]            __var pidr2 = 0;
[14:35:45.763]              // -> [pidr2 <= 0x00000000]
[14:35:45.763]            __var jep106id = 0;
[14:35:45.763]              // -> [jep106id <= 0x00000000]
[14:35:45.763]            __var ROMTableBase = 0;
[14:35:45.763]              // -> [ROMTableBase <= 0x00000000]
[14:35:45.763]            __ap = 0;      // AHB-AP
[14:35:45.763]              // -> [__ap <= 0x00000000]
[14:35:45.763]            ROMTableBase = ReadAP(0xF8) & ~0x3;
[14:35:45.763]              // -> [ReadAP(0x000000F8) => 0xE00FF003]   (__dp=0x00000000, __ap=0x00000000)
[14:35:45.763]              // -> [ROMTableBase <= 0xE00FF000]
[14:35:45.763]            pidr1 = Read32(ROMTableBase + 0x0FE4);
[14:35:45.763]              // -> [Read32(0xE00FFFE4) => 0x00000004]   (__dp=0x00000000, __ap=0x00000000)
[14:35:45.763]              // -> [pidr1 <= 0x00000004]
[14:35:45.763]            pidr2 = Read32(ROMTableBase + 0x0FE8);
[14:35:45.763]              // -> [Read32(0xE00FFFE8) => 0x0000000A]   (__dp=0x00000000, __ap=0x00000000)
[14:35:45.763]              // -> [pidr2 <= 0x0000000A]
[14:35:45.763]            jep106id = ((pidr2 & 0x7) << 4 ) | ((pidr1 >> 4) & 0xF);
[14:35:45.763]              // -> [jep106id <= 0x00000020]
[14:35:45.763]          </block>
[14:35:45.763]          <control if="jep106id != 0x20" while="" timeout="0" info="">
[14:35:45.763]            // if-block "jep106id != 0x20"
[14:35:45.763]              // =>  FALSE
[14:35:45.763]            // skip if-block "jep106id != 0x20"
[14:35:45.763]          </control>
[14:35:45.763]        </sequence>
[14:35:45.763]    </block>
[14:35:45.763]  </sequence>
[14:35:45.763]  
[14:35:45.763]  **********  Sequence "DebugCoreStart"  (Context="Connect", Pname="", info="")
[14:35:45.763]  
[14:35:45.763]  <debugvars>
[14:35:45.763]    // Pre-defined
[14:35:45.763]    __protocol=0x00010002      (Protocol="SWD", SWJ-DP="True")
[14:35:45.763]    __connection=0x00010201    (Connection Type="Debug", Reset Type="System Reset", Connection Under HW Reset)
[14:35:45.763]    __dp=0x00000000
[14:35:45.763]    __ap=0x00000000
[14:35:45.763]    __traceout=0x00000000      (Trace Disabled)
[14:35:45.763]    __errorcontrol=0x00000000  (Skip Errors="False")
[14:35:45.763]    __FlashAddr=0x00000000
[14:35:45.763]    __FlashLen=0x00000000
[14:35:45.763]    __FlashArg=0x00000000
[14:35:45.763]    __FlashOp=0x00000000
[14:35:45.763]    __Result=0x00000000
[14:35:45.763]    
[14:35:45.763]    // User-defined
[14:35:45.763]    DbgMCU_CR=0x00000007
[14:35:45.763]  </debugvars>
[14:35:45.763]  
[14:35:45.763]  <sequence name="DebugCoreStart" Pname="" disable="false" info="">
[14:35:45.763]    <block atomic="false" info="">
[14:35:45.763]      Write32(0xE000EDF0, 0xA05F0001);                                        // Enable Core Debug via DHCSR
[14:35:45.763]        // -> [Write32(0xE000EDF0, 0xA05F0001)]   (__dp=0x00000000, __ap=0x00000000)
[14:35:45.763]      Write32(0xE0042004, DbgMCU_CR);                                         // DBGMCU_CR: Configure MCU Debug
[14:35:45.763]        // -> [Write32(0xE0042004, 0x00000007)]   (__dp=0x00000000, __ap=0x00000000)
[14:35:45.763]    </block>
[14:35:45.763]  </sequence>
[14:35:45.763]  
[14:37:46.512]  **********  Sequence "DebugDeviceUnlock"  (Context="Connect", Pname="", info="")
[14:37:46.512]  
[14:37:46.524]  <debugvars>
[14:37:46.524]    // Pre-defined
[14:37:46.524]    __protocol=0x00010002      (Protocol="SWD", SWJ-DP="True")
[14:37:46.524]    __connection=0x00010202    (Connection Type="Flash", Reset Type="System Reset", Connection Under HW Reset)
[14:37:46.524]    __dp=0x00000000
[14:37:46.524]    __ap=0x00000000
[14:37:46.524]    __traceout=0x00000000      (Trace Disabled)
[14:37:46.524]    __errorcontrol=0x00000000  (Skip Errors="False")
[14:37:46.524]    __FlashAddr=0x00000000
[14:37:46.524]    __FlashLen=0x00000000
[14:37:46.524]    __FlashArg=0x00000000
[14:37:46.524]    __FlashOp=0x00000000
[14:37:46.524]    __Result=0x00000000
[14:37:46.524]    
[14:37:46.524]    // User-defined
[14:37:46.524]    DbgMCU_CR=0x00000007
[14:37:46.524]  </debugvars>
[14:37:46.524]  
[14:37:46.524]  <sequence name="DebugDeviceUnlock" Pname="" disable="false" info="">
[14:37:46.524]    <block atomic="false" info="">
[14:37:46.524]      Sequence("CheckID");
[14:37:46.524]        <sequence name="CheckID" Pname="" disable="false" info="">
[14:37:46.524]          <block atomic="false" info="">
[14:37:46.524]            __var pidr1 = 0;
[14:37:46.524]              // -> [pidr1 <= 0x00000000]
[14:37:46.524]            __var pidr2 = 0;
[14:37:46.524]              // -> [pidr2 <= 0x00000000]
[14:37:46.524]            __var jep106id = 0;
[14:37:46.524]              // -> [jep106id <= 0x00000000]
[14:37:46.524]            __var ROMTableBase = 0;
[14:37:46.524]              // -> [ROMTableBase <= 0x00000000]
[14:37:46.524]            __ap = 0;      // AHB-AP
[14:37:46.524]              // -> [__ap <= 0x00000000]
[14:37:46.524]            ROMTableBase = ReadAP(0xF8) & ~0x3;
[14:37:46.528]              // -> [ReadAP(0x000000F8) => 0xE00FF003]   (__dp=0x00000000, __ap=0x00000000)
[14:37:46.528]              // -> [ROMTableBase <= 0xE00FF000]
[14:37:46.528]            pidr1 = Read32(ROMTableBase + 0x0FE4);
[14:37:46.528]              // -> [Read32(0xE00FFFE4) => 0x00000004]   (__dp=0x00000000, __ap=0x00000000)
[14:37:46.528]              // -> [pidr1 <= 0x00000004]
[14:37:46.528]            pidr2 = Read32(ROMTableBase + 0x0FE8);
[14:37:46.528]              // -> [Read32(0xE00FFFE8) => 0x0000000A]   (__dp=0x00000000, __ap=0x00000000)
[14:37:46.528]              // -> [pidr2 <= 0x0000000A]
[14:37:46.528]            jep106id = ((pidr2 & 0x7) << 4 ) | ((pidr1 >> 4) & 0xF);
[14:37:46.528]              // -> [jep106id <= 0x00000020]
[14:37:46.528]          </block>
[14:37:46.528]          <control if="jep106id != 0x20" while="" timeout="0" info="">
[14:37:46.528]            // if-block "jep106id != 0x20"
[14:37:46.528]              // =>  FALSE
[14:37:46.528]            // skip if-block "jep106id != 0x20"
[14:37:46.528]          </control>
[14:37:46.528]        </sequence>
[14:37:46.528]    </block>
[14:37:46.528]  </sequence>
[14:37:46.528]  
[14:37:46.528]  **********  Sequence "DebugCoreStart"  (Context="Connect", Pname="", info="")
[14:37:46.528]  
[14:37:46.528]  <debugvars>
[14:37:46.528]    // Pre-defined
[14:37:46.528]    __protocol=0x00010002      (Protocol="SWD", SWJ-DP="True")
[14:37:46.528]    __connection=0x00010202    (Connection Type="Flash", Reset Type="System Reset", Connection Under HW Reset)
[14:37:46.528]    __dp=0x00000000
[14:37:46.528]    __ap=0x00000000
[14:37:46.528]    __traceout=0x00000000      (Trace Disabled)
[14:37:46.528]    __errorcontrol=0x00000000  (Skip Errors="False")
[14:37:46.528]    __FlashAddr=0x00000000
[14:37:46.528]    __FlashLen=0x00000000
[14:37:46.528]    __FlashArg=0x00000000
[14:37:46.528]    __FlashOp=0x00000000
[14:37:46.528]    __Result=0x00000000
[14:37:46.528]    
[14:37:46.528]    // User-defined
[14:37:46.528]    DbgMCU_CR=0x00000007
[14:37:46.528]  </debugvars>
[14:37:46.528]  
[14:37:46.528]  <sequence name="DebugCoreStart" Pname="" disable="false" info="">
[14:37:46.528]    <block atomic="false" info="">
[14:37:46.528]      Write32(0xE000EDF0, 0xA05F0001);                                        // Enable Core Debug via DHCSR
[14:37:46.528]        // -> [Write32(0xE000EDF0, 0xA05F0001)]   (__dp=0x00000000, __ap=0x00000000)
[14:37:46.528]      Write32(0xE0042004, DbgMCU_CR);                                         // DBGMCU_CR: Configure MCU Debug
[14:37:46.528]        // -> [Write32(0xE0042004, 0x00000007)]   (__dp=0x00000000, __ap=0x00000000)
[14:37:46.528]    </block>
[14:37:46.528]  </sequence>
[14:37:46.528]  
[14:37:48.598]  **********  Sequence "DebugDeviceUnlock"  (Context="Connect", Pname="", info="")
[14:37:48.598]  
[14:37:48.624]  <debugvars>
[14:37:48.624]    // Pre-defined
[14:37:48.624]    __protocol=0x00010002      (Protocol="SWD", SWJ-DP="True")
[14:37:48.624]    __connection=0x00010201    (Connection Type="Debug", Reset Type="System Reset", Connection Under HW Reset)
[14:37:48.624]    __dp=0x00000000
[14:37:48.624]    __ap=0x00000000
[14:37:48.624]    __traceout=0x00000000      (Trace Disabled)
[14:37:48.624]    __errorcontrol=0x00000000  (Skip Errors="False")
[14:37:48.624]    __FlashAddr=0x00000000
[14:37:48.624]    __FlashLen=0x00000000
[14:37:48.624]    __FlashArg=0x00000000
[14:37:48.624]    __FlashOp=0x00000000
[14:37:48.624]    __Result=0x00000000
[14:37:48.624]    
[14:37:48.624]    // User-defined
[14:37:48.624]    DbgMCU_CR=0x00000007
[14:37:48.624]  </debugvars>
[14:37:48.624]  
[14:37:48.624]  <sequence name="DebugDeviceUnlock" Pname="" disable="false" info="">
[14:37:48.624]    <block atomic="false" info="">
[14:37:48.624]      Sequence("CheckID");
[14:37:48.624]        <sequence name="CheckID" Pname="" disable="false" info="">
[14:37:48.624]          <block atomic="false" info="">
[14:37:48.624]            __var pidr1 = 0;
[14:37:48.624]              // -> [pidr1 <= 0x00000000]
[14:37:48.624]            __var pidr2 = 0;
[14:37:48.624]              // -> [pidr2 <= 0x00000000]
[14:37:48.624]            __var jep106id = 0;
[14:37:48.624]              // -> [jep106id <= 0x00000000]
[14:37:48.624]            __var ROMTableBase = 0;
[14:37:48.624]              // -> [ROMTableBase <= 0x00000000]
[14:37:48.624]            __ap = 0;      // AHB-AP
[14:37:48.624]              // -> [__ap <= 0x00000000]
[14:37:48.624]            ROMTableBase = ReadAP(0xF8) & ~0x3;
[14:37:48.624]              // -> [ReadAP(0x000000F8) => 0xE00FF003]   (__dp=0x00000000, __ap=0x00000000)
[14:37:48.624]              // -> [ROMTableBase <= 0xE00FF000]
[14:37:48.624]            pidr1 = Read32(ROMTableBase + 0x0FE4);
[14:37:48.624]              // -> [Read32(0xE00FFFE4) => 0x00000004]   (__dp=0x00000000, __ap=0x00000000)
[14:37:48.624]              // -> [pidr1 <= 0x00000004]
[14:37:48.624]            pidr2 = Read32(ROMTableBase + 0x0FE8);
[14:37:48.624]              // -> [Read32(0xE00FFFE8) => 0x0000000A]   (__dp=0x00000000, __ap=0x00000000)
[14:37:48.624]              // -> [pidr2 <= 0x0000000A]
[14:37:48.624]            jep106id = ((pidr2 & 0x7) << 4 ) | ((pidr1 >> 4) & 0xF);
[14:37:48.630]              // -> [jep106id <= 0x00000020]
[14:37:48.630]          </block>
[14:37:48.630]          <control if="jep106id != 0x20" while="" timeout="0" info="">
[14:37:48.630]            // if-block "jep106id != 0x20"
[14:37:48.630]              // =>  FALSE
[14:37:48.630]            // skip if-block "jep106id != 0x20"
[14:37:48.630]          </control>
[14:37:48.630]        </sequence>
[14:37:48.630]    </block>
[14:37:48.630]  </sequence>
[14:37:48.630]  
[14:37:48.630]  **********  Sequence "DebugCoreStart"  (Context="Connect", Pname="", info="")
[14:37:48.630]  
[14:37:48.630]  <debugvars>
[14:37:48.630]    // Pre-defined
[14:37:48.630]    __protocol=0x00010002      (Protocol="SWD", SWJ-DP="True")
[14:37:48.630]    __connection=0x00010201    (Connection Type="Debug", Reset Type="System Reset", Connection Under HW Reset)
[14:37:48.630]    __dp=0x00000000
[14:37:48.630]    __ap=0x00000000
[14:37:48.630]    __traceout=0x00000000      (Trace Disabled)
[14:37:48.630]    __errorcontrol=0x00000000  (Skip Errors="False")
[14:37:48.630]    __FlashAddr=0x00000000
[14:37:48.630]    __FlashLen=0x00000000
[14:37:48.630]    __FlashArg=0x00000000
[14:37:48.630]    __FlashOp=0x00000000
[14:37:48.630]    __Result=0x00000000
[14:37:48.630]    
[14:37:48.630]    // User-defined
[14:37:48.630]    DbgMCU_CR=0x00000007
[14:37:48.630]  </debugvars>
[14:37:48.630]  
[14:37:48.630]  <sequence name="DebugCoreStart" Pname="" disable="false" info="">
[14:37:48.630]    <block atomic="false" info="">
[14:37:48.630]      Write32(0xE000EDF0, 0xA05F0001);                                        // Enable Core Debug via DHCSR
[14:37:48.630]        // -> [Write32(0xE000EDF0, 0xA05F0001)]   (__dp=0x00000000, __ap=0x00000000)
[14:37:48.630]      Write32(0xE0042004, DbgMCU_CR);                                         // DBGMCU_CR: Configure MCU Debug
[14:37:48.630]        // -> [Write32(0xE0042004, 0x00000007)]   (__dp=0x00000000, __ap=0x00000000)
[14:37:48.630]    </block>
[14:37:48.630]  </sequence>
[14:37:48.630]  
[14:40:18.432]  **********  Sequence "DebugDeviceUnlock"  (Context="Connect", Pname="", info="")
[14:40:18.432]  
[14:40:18.443]  <debugvars>
[14:40:18.443]    // Pre-defined
[14:40:18.443]    __protocol=0x00010002      (Protocol="SWD", SWJ-DP="True")
[14:40:18.443]    __connection=0x00010202    (Connection Type="Flash", Reset Type="System Reset", Connection Under HW Reset)
[14:40:18.443]    __dp=0x00000000
[14:40:18.443]    __ap=0x00000000
[14:40:18.443]    __traceout=0x00000000      (Trace Disabled)
[14:40:18.443]    __errorcontrol=0x00000000  (Skip Errors="False")
[14:40:18.443]    __FlashAddr=0x00000000
[14:40:18.443]    __FlashLen=0x00000000
[14:40:18.443]    __FlashArg=0x00000000
[14:40:18.443]    __FlashOp=0x00000000
[14:40:18.443]    __Result=0x00000000
[14:40:18.443]    
[14:40:18.443]    // User-defined
[14:40:18.443]    DbgMCU_CR=0x00000007
[14:40:18.443]  </debugvars>
[14:40:18.443]  
[14:40:18.443]  <sequence name="DebugDeviceUnlock" Pname="" disable="false" info="">
[14:40:18.443]    <block atomic="false" info="">
[14:40:18.443]      Sequence("CheckID");
[14:40:18.443]        <sequence name="CheckID" Pname="" disable="false" info="">
[14:40:18.443]          <block atomic="false" info="">
[14:40:18.443]            __var pidr1 = 0;
[14:40:18.443]              // -> [pidr1 <= 0x00000000]
[14:40:18.443]            __var pidr2 = 0;
[14:40:18.443]              // -> [pidr2 <= 0x00000000]
[14:40:18.443]            __var jep106id = 0;
[14:40:18.443]              // -> [jep106id <= 0x00000000]
[14:40:18.443]            __var ROMTableBase = 0;
[14:40:18.443]              // -> [ROMTableBase <= 0x00000000]
[14:40:18.443]            __ap = 0;      // AHB-AP
[14:40:18.443]              // -> [__ap <= 0x00000000]
[14:40:18.443]            ROMTableBase = ReadAP(0xF8) & ~0x3;
[14:40:18.448]              // -> [ReadAP(0x000000F8) => 0xE00FF003]   (__dp=0x00000000, __ap=0x00000000)
[14:40:18.448]              // -> [ROMTableBase <= 0xE00FF000]
[14:40:18.448]            pidr1 = Read32(ROMTableBase + 0x0FE4);
[14:40:18.448]              // -> [Read32(0xE00FFFE4) => 0x00000004]   (__dp=0x00000000, __ap=0x00000000)
[14:40:18.448]              // -> [pidr1 <= 0x00000004]
[14:40:18.448]            pidr2 = Read32(ROMTableBase + 0x0FE8);
[14:40:18.448]              // -> [Read32(0xE00FFFE8) => 0x0000000A]   (__dp=0x00000000, __ap=0x00000000)
[14:40:18.448]              // -> [pidr2 <= 0x0000000A]
[14:40:18.448]            jep106id = ((pidr2 & 0x7) << 4 ) | ((pidr1 >> 4) & 0xF);
[14:40:18.448]              // -> [jep106id <= 0x00000020]
[14:40:18.448]          </block>
[14:40:18.448]          <control if="jep106id != 0x20" while="" timeout="0" info="">
[14:40:18.448]            // if-block "jep106id != 0x20"
[14:40:18.448]              // =>  FALSE
[14:40:18.448]            // skip if-block "jep106id != 0x20"
[14:40:18.448]          </control>
[14:40:18.448]        </sequence>
[14:40:18.448]    </block>
[14:40:18.448]  </sequence>
[14:40:18.448]  
[14:40:18.448]  **********  Sequence "DebugCoreStart"  (Context="Connect", Pname="", info="")
[14:40:18.448]  
[14:40:18.448]  <debugvars>
[14:40:18.448]    // Pre-defined
[14:40:18.448]    __protocol=0x00010002      (Protocol="SWD", SWJ-DP="True")
[14:40:18.448]    __connection=0x00010202    (Connection Type="Flash", Reset Type="System Reset", Connection Under HW Reset)
[14:40:18.448]    __dp=0x00000000
[14:40:18.448]    __ap=0x00000000
[14:40:18.448]    __traceout=0x00000000      (Trace Disabled)
[14:40:18.448]    __errorcontrol=0x00000000  (Skip Errors="False")
[14:40:18.448]    __FlashAddr=0x00000000
[14:40:18.448]    __FlashLen=0x00000000
[14:40:18.448]    __FlashArg=0x00000000
[14:40:18.448]    __FlashOp=0x00000000
[14:40:18.448]    __Result=0x00000000
[14:40:18.448]    
[14:40:18.448]    // User-defined
[14:40:18.448]    DbgMCU_CR=0x00000007
[14:40:18.448]  </debugvars>
[14:40:18.448]  
[14:40:18.448]  <sequence name="DebugCoreStart" Pname="" disable="false" info="">
[14:40:18.448]    <block atomic="false" info="">
[14:40:18.448]      Write32(0xE000EDF0, 0xA05F0001);                                        // Enable Core Debug via DHCSR
[14:40:18.448]        // -> [Write32(0xE000EDF0, 0xA05F0001)]   (__dp=0x00000000, __ap=0x00000000)
[14:40:18.448]      Write32(0xE0042004, DbgMCU_CR);                                         // DBGMCU_CR: Configure MCU Debug
[14:40:18.448]        // -> [Write32(0xE0042004, 0x00000007)]   (__dp=0x00000000, __ap=0x00000000)
[14:40:18.448]    </block>
[14:40:18.448]  </sequence>
[14:40:18.448]  
[14:40:20.480]  **********  Sequence "DebugDeviceUnlock"  (Context="Connect", Pname="", info="")
[14:40:20.480]  
[14:40:20.480]  <debugvars>
[14:40:20.480]    // Pre-defined
[14:40:20.480]    __protocol=0x00010002      (Protocol="SWD", SWJ-DP="True")
[14:40:20.480]    __connection=0x00010201    (Connection Type="Debug", Reset Type="System Reset", Connection Under HW Reset)
[14:40:20.480]    __dp=0x00000000
[14:40:20.480]    __ap=0x00000000
[14:40:20.480]    __traceout=0x00000000      (Trace Disabled)
[14:40:20.480]    __errorcontrol=0x00000000  (Skip Errors="False")
[14:40:20.480]    __FlashAddr=0x00000000
[14:40:20.480]    __FlashLen=0x00000000
[14:40:20.480]    __FlashArg=0x00000000
[14:40:20.480]    __FlashOp=0x00000000
[14:40:20.480]    __Result=0x00000000
[14:40:20.480]    
[14:40:20.480]    // User-defined
[14:40:20.480]    DbgMCU_CR=0x00000007
[14:40:20.480]  </debugvars>
[14:40:20.480]  
[14:40:20.480]  <sequence name="DebugDeviceUnlock" Pname="" disable="false" info="">
[14:40:20.480]    <block atomic="false" info="">
[14:40:20.480]      Sequence("CheckID");
[14:40:20.480]        <sequence name="CheckID" Pname="" disable="false" info="">
[14:40:20.480]          <block atomic="false" info="">
[14:40:20.480]            __var pidr1 = 0;
[14:40:20.480]              // -> [pidr1 <= 0x00000000]
[14:40:20.480]            __var pidr2 = 0;
[14:40:20.480]              // -> [pidr2 <= 0x00000000]
[14:40:20.480]            __var jep106id = 0;
[14:40:20.480]              // -> [jep106id <= 0x00000000]
[14:40:20.480]            __var ROMTableBase = 0;
[14:40:20.480]              // -> [ROMTableBase <= 0x00000000]
[14:40:20.480]            __ap = 0;      // AHB-AP
[14:40:20.480]              // -> [__ap <= 0x00000000]
[14:40:20.480]            ROMTableBase = ReadAP(0xF8) & ~0x3;
[14:40:20.480]              // -> [ReadAP(0x000000F8) => 0xE00FF003]   (__dp=0x00000000, __ap=0x00000000)
[14:40:20.480]              // -> [ROMTableBase <= 0xE00FF000]
[14:40:20.480]            pidr1 = Read32(ROMTableBase + 0x0FE4);
[14:40:20.480]              // -> [Read32(0xE00FFFE4) => 0x00000004]   (__dp=0x00000000, __ap=0x00000000)
[14:40:20.480]              // -> [pidr1 <= 0x00000004]
[14:40:20.480]            pidr2 = Read32(ROMTableBase + 0x0FE8);
[14:40:20.480]              // -> [Read32(0xE00FFFE8) => 0x0000000A]   (__dp=0x00000000, __ap=0x00000000)
[14:40:20.480]              // -> [pidr2 <= 0x0000000A]
[14:40:20.480]            jep106id = ((pidr2 & 0x7) << 4 ) | ((pidr1 >> 4) & 0xF);
[14:40:20.480]              // -> [jep106id <= 0x00000020]
[14:40:20.480]          </block>
[14:40:20.480]          <control if="jep106id != 0x20" while="" timeout="0" info="">
[14:40:20.480]            // if-block "jep106id != 0x20"
[14:40:20.480]              // =>  FALSE
[14:40:20.480]            // skip if-block "jep106id != 0x20"
[14:40:20.480]          </control>
[14:40:20.480]        </sequence>
[14:40:20.480]    </block>
[14:40:20.480]  </sequence>
[14:40:20.480]  
[14:40:20.480]  **********  Sequence "DebugCoreStart"  (Context="Connect", Pname="", info="")
[14:40:20.480]  
[14:40:20.480]  <debugvars>
[14:40:20.480]    // Pre-defined
[14:40:20.480]    __protocol=0x00010002      (Protocol="SWD", SWJ-DP="True")
[14:40:20.480]    __connection=0x00010201    (Connection Type="Debug", Reset Type="System Reset", Connection Under HW Reset)
[14:40:20.480]    __dp=0x00000000
[14:40:20.480]    __ap=0x00000000
[14:40:20.480]    __traceout=0x00000000      (Trace Disabled)
[14:40:20.480]    __errorcontrol=0x00000000  (Skip Errors="False")
[14:40:20.480]    __FlashAddr=0x00000000
[14:40:20.480]    __FlashLen=0x00000000
[14:40:20.480]    __FlashArg=0x00000000
[14:40:20.480]    __FlashOp=0x00000000
[14:40:20.480]    __Result=0x00000000
[14:40:20.480]    
[14:40:20.480]    // User-defined
[14:40:20.480]    DbgMCU_CR=0x00000007
[14:40:20.480]  </debugvars>
[14:40:20.480]  
[14:40:20.480]  <sequence name="DebugCoreStart" Pname="" disable="false" info="">
[14:40:20.480]    <block atomic="false" info="">
[14:40:20.480]      Write32(0xE000EDF0, 0xA05F0001);                                        // Enable Core Debug via DHCSR
[14:40:20.480]        // -> [Write32(0xE000EDF0, 0xA05F0001)]   (__dp=0x00000000, __ap=0x00000000)
[14:40:20.480]      Write32(0xE0042004, DbgMCU_CR);                                         // DBGMCU_CR: Configure MCU Debug
[14:40:20.480]        // -> [Write32(0xE0042004, 0x00000007)]   (__dp=0x00000000, __ap=0x00000000)
[14:40:20.480]    </block>
[14:40:20.480]  </sequence>
[14:40:20.480]  
[14:42:00.664]  **********  Sequence "DebugDeviceUnlock"  (Context="Connect", Pname="", info="")
[14:42:00.664]  
[14:42:00.664]  <debugvars>
[14:42:00.664]    // Pre-defined
[14:42:00.664]    __protocol=0x00010002      (Protocol="SWD", SWJ-DP="True")
[14:42:00.664]    __connection=0x00010202    (Connection Type="Flash", Reset Type="System Reset", Connection Under HW Reset)
[14:42:00.664]    __dp=0x00000000
[14:42:00.664]    __ap=0x00000000
[14:42:00.664]    __traceout=0x00000000      (Trace Disabled)
[14:42:00.664]    __errorcontrol=0x00000000  (Skip Errors="False")
[14:42:00.664]    __FlashAddr=0x00000000
[14:42:00.664]    __FlashLen=0x00000000
[14:42:00.664]    __FlashArg=0x00000000
[14:42:00.664]    __FlashOp=0x00000000
[14:42:00.664]    __Result=0x00000000
[14:42:00.664]    
[14:42:00.664]    // User-defined
[14:42:00.664]    DbgMCU_CR=0x00000007
[14:42:00.664]  </debugvars>
[14:42:00.664]  
[14:42:00.664]  <sequence name="DebugDeviceUnlock" Pname="" disable="false" info="">
[14:42:00.664]    <block atomic="false" info="">
[14:42:00.664]      Sequence("CheckID");
[14:42:00.664]        <sequence name="CheckID" Pname="" disable="false" info="">
[14:42:00.664]          <block atomic="false" info="">
[14:42:00.664]            __var pidr1 = 0;
[14:42:00.664]              // -> [pidr1 <= 0x00000000]
[14:42:00.664]            __var pidr2 = 0;
[14:42:00.664]              // -> [pidr2 <= 0x00000000]
[14:42:00.664]            __var jep106id = 0;
[14:42:00.664]              // -> [jep106id <= 0x00000000]
[14:42:00.664]            __var ROMTableBase = 0;
[14:42:00.664]              // -> [ROMTableBase <= 0x00000000]
[14:42:00.664]            __ap = 0;      // AHB-AP
[14:42:00.664]              // -> [__ap <= 0x00000000]
[14:42:00.664]            ROMTableBase = ReadAP(0xF8) & ~0x3;
[14:42:00.664]              // -> [ReadAP(0x000000F8) => 0xE00FF003]   (__dp=0x00000000, __ap=0x00000000)
[14:42:00.664]              // -> [ROMTableBase <= 0xE00FF000]
[14:42:00.664]            pidr1 = Read32(ROMTableBase + 0x0FE4);
[14:42:00.664]              // -> [Read32(0xE00FFFE4) => 0x00000004]   (__dp=0x00000000, __ap=0x00000000)
[14:42:00.664]              // -> [pidr1 <= 0x00000004]
[14:42:00.664]            pidr2 = Read32(ROMTableBase + 0x0FE8);
[14:42:00.664]              // -> [Read32(0xE00FFFE8) => 0x0000000A]   (__dp=0x00000000, __ap=0x00000000)
[14:42:00.664]              // -> [pidr2 <= 0x0000000A]
[14:42:00.664]            jep106id = ((pidr2 & 0x7) << 4 ) | ((pidr1 >> 4) & 0xF);
[14:42:00.664]              // -> [jep106id <= 0x00000020]
[14:42:00.664]          </block>
[14:42:00.664]          <control if="jep106id != 0x20" while="" timeout="0" info="">
[14:42:00.664]            // if-block "jep106id != 0x20"
[14:42:00.664]              // =>  FALSE
[14:42:00.664]            // skip if-block "jep106id != 0x20"
[14:42:00.664]          </control>
[14:42:00.664]        </sequence>
[14:42:00.672]    </block>
[14:42:00.672]  </sequence>
[14:42:00.672]  
[14:42:00.672]  **********  Sequence "DebugCoreStart"  (Context="Connect", Pname="", info="")
[14:42:00.672]  
[14:42:00.672]  <debugvars>
[14:42:00.672]    // Pre-defined
[14:42:00.672]    __protocol=0x00010002      (Protocol="SWD", SWJ-DP="True")
[14:42:00.672]    __connection=0x00010202    (Connection Type="Flash", Reset Type="System Reset", Connection Under HW Reset)
[14:42:00.672]    __dp=0x00000000
[14:42:00.672]    __ap=0x00000000
[14:42:00.672]    __traceout=0x00000000      (Trace Disabled)
[14:42:00.672]    __errorcontrol=0x00000000  (Skip Errors="False")
[14:42:00.672]    __FlashAddr=0x00000000
[14:42:00.672]    __FlashLen=0x00000000
[14:42:00.672]    __FlashArg=0x00000000
[14:42:00.672]    __FlashOp=0x00000000
[14:42:00.672]    __Result=0x00000000
[14:42:00.672]    
[14:42:00.672]    // User-defined
[14:42:00.672]    DbgMCU_CR=0x00000007
[14:42:00.672]  </debugvars>
[14:42:00.672]  
[14:42:00.672]  <sequence name="DebugCoreStart" Pname="" disable="false" info="">
[14:42:00.672]    <block atomic="false" info="">
[14:42:00.672]      Write32(0xE000EDF0, 0xA05F0001);                                        // Enable Core Debug via DHCSR
[14:42:00.672]        // -> [Write32(0xE000EDF0, 0xA05F0001)]   (__dp=0x00000000, __ap=0x00000000)
[14:42:00.672]      Write32(0xE0042004, DbgMCU_CR);                                         // DBGMCU_CR: Configure MCU Debug
[14:42:00.672]        // -> [Write32(0xE0042004, 0x00000007)]   (__dp=0x00000000, __ap=0x00000000)
[14:42:00.672]    </block>
[14:42:00.672]  </sequence>
[14:42:00.672]  
[14:42:02.720]  **********  Sequence "DebugDeviceUnlock"  (Context="Connect", Pname="", info="")
[14:42:02.720]  
[14:42:02.721]  <debugvars>
[14:42:02.721]    // Pre-defined
[14:42:02.721]    __protocol=0x00010002      (Protocol="SWD", SWJ-DP="True")
[14:42:02.721]    __connection=0x00010201    (Connection Type="Debug", Reset Type="System Reset", Connection Under HW Reset)
[14:42:02.721]    __dp=0x00000000
[14:42:02.721]    __ap=0x00000000
[14:42:02.721]    __traceout=0x00000000      (Trace Disabled)
[14:42:02.721]    __errorcontrol=0x00000000  (Skip Errors="False")
[14:42:02.721]    __FlashAddr=0x00000000
[14:42:02.721]    __FlashLen=0x00000000
[14:42:02.721]    __FlashArg=0x00000000
[14:42:02.721]    __FlashOp=0x00000000
[14:42:02.721]    __Result=0x00000000
[14:42:02.721]    
[14:42:02.721]    // User-defined
[14:42:02.721]    DbgMCU_CR=0x00000007
[14:42:02.721]  </debugvars>
[14:42:02.721]  
[14:42:02.721]  <sequence name="DebugDeviceUnlock" Pname="" disable="false" info="">
[14:42:02.721]    <block atomic="false" info="">
[14:42:02.721]      Sequence("CheckID");
[14:42:02.721]        <sequence name="CheckID" Pname="" disable="false" info="">
[14:42:02.721]          <block atomic="false" info="">
[14:42:02.721]            __var pidr1 = 0;
[14:42:02.721]              // -> [pidr1 <= 0x00000000]
[14:42:02.721]            __var pidr2 = 0;
[14:42:02.721]              // -> [pidr2 <= 0x00000000]
[14:42:02.721]            __var jep106id = 0;
[14:42:02.721]              // -> [jep106id <= 0x00000000]
[14:42:02.721]            __var ROMTableBase = 0;
[14:42:02.721]              // -> [ROMTableBase <= 0x00000000]
[14:42:02.721]            __ap = 0;      // AHB-AP
[14:42:02.721]              // -> [__ap <= 0x00000000]
[14:42:02.721]            ROMTableBase = ReadAP(0xF8) & ~0x3;
[14:42:02.721]              // -> [ReadAP(0x000000F8) => 0xE00FF003]   (__dp=0x00000000, __ap=0x00000000)
[14:42:02.721]              // -> [ROMTableBase <= 0xE00FF000]
[14:42:02.721]            pidr1 = Read32(ROMTableBase + 0x0FE4);
[14:42:02.721]              // -> [Read32(0xE00FFFE4) => 0x00000004]   (__dp=0x00000000, __ap=0x00000000)
[14:42:02.721]              // -> [pidr1 <= 0x00000004]
[14:42:02.721]            pidr2 = Read32(ROMTableBase + 0x0FE8);
[14:42:02.721]              // -> [Read32(0xE00FFFE8) => 0x0000000A]   (__dp=0x00000000, __ap=0x00000000)
[14:42:02.721]              // -> [pidr2 <= 0x0000000A]
[14:42:02.721]            jep106id = ((pidr2 & 0x7) << 4 ) | ((pidr1 >> 4) & 0xF);
[14:42:02.721]              // -> [jep106id <= 0x00000020]
[14:42:02.721]          </block>
[14:42:02.721]          <control if="jep106id != 0x20" while="" timeout="0" info="">
[14:42:02.721]            // if-block "jep106id != 0x20"
[14:42:02.721]              // =>  FALSE
[14:42:02.721]            // skip if-block "jep106id != 0x20"
[14:42:02.721]          </control>
[14:42:02.721]        </sequence>
[14:42:02.721]    </block>
[14:42:02.721]  </sequence>
[14:42:02.721]  
[14:42:02.721]  **********  Sequence "DebugCoreStart"  (Context="Connect", Pname="", info="")
[14:42:02.721]  
[14:42:02.721]  <debugvars>
[14:42:02.721]    // Pre-defined
[14:42:02.721]    __protocol=0x00010002      (Protocol="SWD", SWJ-DP="True")
[14:42:02.721]    __connection=0x00010201    (Connection Type="Debug", Reset Type="System Reset", Connection Under HW Reset)
[14:42:02.721]    __dp=0x00000000
[14:42:02.721]    __ap=0x00000000
[14:42:02.721]    __traceout=0x00000000      (Trace Disabled)
[14:42:02.721]    __errorcontrol=0x00000000  (Skip Errors="False")
[14:42:02.721]    __FlashAddr=0x00000000
[14:42:02.721]    __FlashLen=0x00000000
[14:42:02.721]    __FlashArg=0x00000000
[14:42:02.721]    __FlashOp=0x00000000
[14:42:02.721]    __Result=0x00000000
[14:42:02.721]    
[14:42:02.721]    // User-defined
[14:42:02.721]    DbgMCU_CR=0x00000007
[14:42:02.721]  </debugvars>
[14:42:02.721]  
[14:42:02.721]  <sequence name="DebugCoreStart" Pname="" disable="false" info="">
[14:42:02.721]    <block atomic="false" info="">
[14:42:02.721]      Write32(0xE000EDF0, 0xA05F0001);                                        // Enable Core Debug via DHCSR
[14:42:02.721]        // -> [Write32(0xE000EDF0, 0xA05F0001)]   (__dp=0x00000000, __ap=0x00000000)
[14:42:02.721]      Write32(0xE0042004, DbgMCU_CR);                                         // DBGMCU_CR: Configure MCU Debug
[14:42:02.721]        // -> [Write32(0xE0042004, 0x00000007)]   (__dp=0x00000000, __ap=0x00000000)
[14:42:02.721]    </block>
[14:42:02.721]  </sequence>
[14:42:02.721]  
[14:43:14.149]  **********  Sequence "DebugDeviceUnlock"  (Context="Connect", Pname="", info="")
[14:43:14.149]  
[14:43:14.165]  <debugvars>
[14:43:14.165]    // Pre-defined
[14:43:14.165]    __protocol=0x00010002      (Protocol="SWD", SWJ-DP="True")
[14:43:14.165]    __connection=0x00010202    (Connection Type="Flash", Reset Type="System Reset", Connection Under HW Reset)
[14:43:14.165]    __dp=0x00000000
[14:43:14.165]    __ap=0x00000000
[14:43:14.165]    __traceout=0x00000000      (Trace Disabled)
[14:43:14.165]    __errorcontrol=0x00000000  (Skip Errors="False")
[14:43:14.165]    __FlashAddr=0x00000000
[14:43:14.165]    __FlashLen=0x00000000
[14:43:14.165]    __FlashArg=0x00000000
[14:43:14.165]    __FlashOp=0x00000000
[14:43:14.165]    __Result=0x00000000
[14:43:14.165]    
[14:43:14.165]    // User-defined
[14:43:14.165]    DbgMCU_CR=0x00000007
[14:43:14.165]  </debugvars>
[14:43:14.165]  
[14:43:14.165]  <sequence name="DebugDeviceUnlock" Pname="" disable="false" info="">
[14:43:14.165]    <block atomic="false" info="">
[14:43:14.165]      Sequence("CheckID");
[14:43:14.165]        <sequence name="CheckID" Pname="" disable="false" info="">
[14:43:14.165]          <block atomic="false" info="">
[14:43:14.165]            __var pidr1 = 0;
[14:43:14.165]              // -> [pidr1 <= 0x00000000]
[14:43:14.165]            __var pidr2 = 0;
[14:43:14.165]              // -> [pidr2 <= 0x00000000]
[14:43:14.165]            __var jep106id = 0;
[14:43:14.165]              // -> [jep106id <= 0x00000000]
[14:43:14.165]            __var ROMTableBase = 0;
[14:43:14.165]              // -> [ROMTableBase <= 0x00000000]
[14:43:14.165]            __ap = 0;      // AHB-AP
[14:43:14.165]              // -> [__ap <= 0x00000000]
[14:43:14.165]            ROMTableBase = ReadAP(0xF8) & ~0x3;
[14:43:14.165]              // -> [ReadAP(0x000000F8) => 0xE00FF003]   (__dp=0x00000000, __ap=0x00000000)
[14:43:14.165]              // -> [ROMTableBase <= 0xE00FF000]
[14:43:14.165]            pidr1 = Read32(ROMTableBase + 0x0FE4);
[14:43:14.170]              // -> [Read32(0xE00FFFE4) => 0x00000004]   (__dp=0x00000000, __ap=0x00000000)
[14:43:14.170]              // -> [pidr1 <= 0x00000004]
[14:43:14.170]            pidr2 = Read32(ROMTableBase + 0x0FE8);
[14:43:14.170]              // -> [Read32(0xE00FFFE8) => 0x0000000A]   (__dp=0x00000000, __ap=0x00000000)
[14:43:14.170]              // -> [pidr2 <= 0x0000000A]
[14:43:14.170]            jep106id = ((pidr2 & 0x7) << 4 ) | ((pidr1 >> 4) & 0xF);
[14:43:14.170]              // -> [jep106id <= 0x00000020]
[14:43:14.170]          </block>
[14:43:14.170]          <control if="jep106id != 0x20" while="" timeout="0" info="">
[14:43:14.170]            // if-block "jep106id != 0x20"
[14:43:14.170]              // =>  FALSE
[14:43:14.170]            // skip if-block "jep106id != 0x20"
[14:43:14.170]          </control>
[14:43:14.170]        </sequence>
[14:43:14.170]    </block>
[14:43:14.170]  </sequence>
[14:43:14.170]  
[14:43:14.170]  **********  Sequence "DebugCoreStart"  (Context="Connect", Pname="", info="")
[14:43:14.170]  
[14:43:14.170]  <debugvars>
[14:43:14.170]    // Pre-defined
[14:43:14.170]    __protocol=0x00010002      (Protocol="SWD", SWJ-DP="True")
[14:43:14.170]    __connection=0x00010202    (Connection Type="Flash", Reset Type="System Reset", Connection Under HW Reset)
[14:43:14.170]    __dp=0x00000000
[14:43:14.170]    __ap=0x00000000
[14:43:14.170]    __traceout=0x00000000      (Trace Disabled)
[14:43:14.170]    __errorcontrol=0x00000000  (Skip Errors="False")
[14:43:14.170]    __FlashAddr=0x00000000
[14:43:14.170]    __FlashLen=0x00000000
[14:43:14.170]    __FlashArg=0x00000000
[14:43:14.170]    __FlashOp=0x00000000
[14:43:14.170]    __Result=0x00000000
[14:43:14.170]    
[14:43:14.170]    // User-defined
[14:43:14.170]    DbgMCU_CR=0x00000007
[14:43:14.170]  </debugvars>
[14:43:14.170]  
[14:43:14.170]  <sequence name="DebugCoreStart" Pname="" disable="false" info="">
[14:43:14.170]    <block atomic="false" info="">
[14:43:14.170]      Write32(0xE000EDF0, 0xA05F0001);                                        // Enable Core Debug via DHCSR
[14:43:14.170]        // -> [Write32(0xE000EDF0, 0xA05F0001)]   (__dp=0x00000000, __ap=0x00000000)
[14:43:14.170]      Write32(0xE0042004, DbgMCU_CR);                                         // DBGMCU_CR: Configure MCU Debug
[14:43:14.170]        // -> [Write32(0xE0042004, 0x00000007)]   (__dp=0x00000000, __ap=0x00000000)
[14:43:14.170]    </block>
[14:43:14.170]  </sequence>
[14:43:14.170]  
[14:43:16.235]  **********  Sequence "DebugDeviceUnlock"  (Context="Connect", Pname="", info="")
[14:43:16.235]  
[14:43:16.235]  <debugvars>
[14:43:16.235]    // Pre-defined
[14:43:16.235]    __protocol=0x00010002      (Protocol="SWD", SWJ-DP="True")
[14:43:16.235]    __connection=0x00010201    (Connection Type="Debug", Reset Type="System Reset", Connection Under HW Reset)
[14:43:16.235]    __dp=0x00000000
[14:43:16.251]    __ap=0x00000000
[14:43:16.251]    __traceout=0x00000000      (Trace Disabled)
[14:43:16.251]    __errorcontrol=0x00000000  (Skip Errors="False")
[14:43:16.251]    __FlashAddr=0x00000000
[14:43:16.251]    __FlashLen=0x00000000
[14:43:16.251]    __FlashArg=0x00000000
[14:43:16.251]    __FlashOp=0x00000000
[14:43:16.251]    __Result=0x00000000
[14:43:16.251]    
[14:43:16.251]    // User-defined
[14:43:16.251]    DbgMCU_CR=0x00000007
[14:43:16.251]  </debugvars>
[14:43:16.251]  
[14:43:16.251]  <sequence name="DebugDeviceUnlock" Pname="" disable="false" info="">
[14:43:16.251]    <block atomic="false" info="">
[14:43:16.251]      Sequence("CheckID");
[14:43:16.251]        <sequence name="CheckID" Pname="" disable="false" info="">
[14:43:16.251]          <block atomic="false" info="">
[14:43:16.251]            __var pidr1 = 0;
[14:43:16.251]              // -> [pidr1 <= 0x00000000]
[14:43:16.251]            __var pidr2 = 0;
[14:43:16.251]              // -> [pidr2 <= 0x00000000]
[14:43:16.251]            __var jep106id = 0;
[14:43:16.251]              // -> [jep106id <= 0x00000000]
[14:43:16.251]            __var ROMTableBase = 0;
[14:43:16.251]              // -> [ROMTableBase <= 0x00000000]
[14:43:16.251]            __ap = 0;      // AHB-AP
[14:43:16.251]              // -> [__ap <= 0x00000000]
[14:43:16.251]            ROMTableBase = ReadAP(0xF8) & ~0x3;
[14:43:16.251]              // -> [ReadAP(0x000000F8) => 0xE00FF003]   (__dp=0x00000000, __ap=0x00000000)
[14:43:16.251]              // -> [ROMTableBase <= 0xE00FF000]
[14:43:16.251]            pidr1 = Read32(ROMTableBase + 0x0FE4);
[14:43:16.251]              // -> [Read32(0xE00FFFE4) => 0x00000004]   (__dp=0x00000000, __ap=0x00000000)
[14:43:16.251]              // -> [pidr1 <= 0x00000004]
[14:43:16.251]            pidr2 = Read32(ROMTableBase + 0x0FE8);
[14:43:16.251]              // -> [Read32(0xE00FFFE8) => 0x0000000A]   (__dp=0x00000000, __ap=0x00000000)
[14:43:16.251]              // -> [pidr2 <= 0x0000000A]
[14:43:16.251]            jep106id = ((pidr2 & 0x7) << 4 ) | ((pidr1 >> 4) & 0xF);
[14:43:16.251]              // -> [jep106id <= 0x00000020]
[14:43:16.251]          </block>
[14:43:16.251]          <control if="jep106id != 0x20" while="" timeout="0" info="">
[14:43:16.251]            // if-block "jep106id != 0x20"
[14:43:16.251]              // =>  FALSE
[14:43:16.251]            // skip if-block "jep106id != 0x20"
[14:43:16.251]          </control>
[14:43:16.251]        </sequence>
[14:43:16.251]    </block>
[14:43:16.251]  </sequence>
[14:43:16.251]  
[14:43:16.251]  **********  Sequence "DebugCoreStart"  (Context="Connect", Pname="", info="")
[14:43:16.251]  
[14:43:16.251]  <debugvars>
[14:43:16.251]    // Pre-defined
[14:43:16.251]    __protocol=0x00010002      (Protocol="SWD", SWJ-DP="True")
[14:43:16.251]    __connection=0x00010201    (Connection Type="Debug", Reset Type="System Reset", Connection Under HW Reset)
[14:43:16.251]    __dp=0x00000000
[14:43:16.251]    __ap=0x00000000
[14:43:16.251]    __traceout=0x00000000      (Trace Disabled)
[14:43:16.251]    __errorcontrol=0x00000000  (Skip Errors="False")
[14:43:16.251]    __FlashAddr=0x00000000
[14:43:16.251]    __FlashLen=0x00000000
[14:43:16.251]    __FlashArg=0x00000000
[14:43:16.251]    __FlashOp=0x00000000
[14:43:16.251]    __Result=0x00000000
[14:43:16.251]    
[14:43:16.251]    // User-defined
[14:43:16.251]    DbgMCU_CR=0x00000007
[14:43:16.251]  </debugvars>
[14:43:16.251]  
[14:43:16.251]  <sequence name="DebugCoreStart" Pname="" disable="false" info="">
[14:43:16.251]    <block atomic="false" info="">
[14:43:16.251]      Write32(0xE000EDF0, 0xA05F0001);                                        // Enable Core Debug via DHCSR
[14:43:16.251]        // -> [Write32(0xE000EDF0, 0xA05F0001)]   (__dp=0x00000000, __ap=0x00000000)
[14:43:16.251]      Write32(0xE0042004, DbgMCU_CR);                                         // DBGMCU_CR: Configure MCU Debug
[14:43:16.251]        // -> [Write32(0xE0042004, 0x00000007)]   (__dp=0x00000000, __ap=0x00000000)
[14:43:16.251]    </block>
[14:43:16.251]  </sequence>
[14:43:16.251]  
[14:47:45.493]  **********  Sequence "DebugDeviceUnlock"  (Context="Connect", Pname="", info="")
[14:47:45.493]  
[14:47:45.510]  <debugvars>
[14:47:45.510]    // Pre-defined
[14:47:45.510]    __protocol=0x00010002      (Protocol="SWD", SWJ-DP="True")
[14:47:45.510]    __connection=0x00010202    (Connection Type="Flash", Reset Type="System Reset", Connection Under HW Reset)
[14:47:45.510]    __dp=0x00000000
[14:47:45.510]    __ap=0x00000000
[14:47:45.510]    __traceout=0x00000000      (Trace Disabled)
[14:47:45.510]    __errorcontrol=0x00000000  (Skip Errors="False")
[14:47:45.510]    __FlashAddr=0x00000000
[14:47:45.510]    __FlashLen=0x00000000
[14:47:45.510]    __FlashArg=0x00000000
[14:47:45.510]    __FlashOp=0x00000000
[14:47:45.510]    __Result=0x00000000
[14:47:45.510]    
[14:47:45.510]    // User-defined
[14:47:45.510]    DbgMCU_CR=0x00000007
[14:47:45.510]  </debugvars>
[14:47:45.510]  
[14:47:45.510]  <sequence name="DebugDeviceUnlock" Pname="" disable="false" info="">
[14:47:45.510]    <block atomic="false" info="">
[14:47:45.510]      Sequence("CheckID");
[14:47:45.510]        <sequence name="CheckID" Pname="" disable="false" info="">
[14:47:45.510]          <block atomic="false" info="">
[14:47:45.510]            __var pidr1 = 0;
[14:47:45.510]              // -> [pidr1 <= 0x00000000]
[14:47:45.510]            __var pidr2 = 0;
[14:47:45.510]              // -> [pidr2 <= 0x00000000]
[14:47:45.510]            __var jep106id = 0;
[14:47:45.510]              // -> [jep106id <= 0x00000000]
[14:47:45.510]            __var ROMTableBase = 0;
[14:47:45.510]              // -> [ROMTableBase <= 0x00000000]
[14:47:45.510]            __ap = 0;      // AHB-AP
[14:47:45.510]              // -> [__ap <= 0x00000000]
[14:47:45.510]            ROMTableBase = ReadAP(0xF8) & ~0x3;
[14:47:45.510]              // -> [ReadAP(0x000000F8) => 0xE00FF003]   (__dp=0x00000000, __ap=0x00000000)
[14:47:45.510]              // -> [ROMTableBase <= 0xE00FF000]
[14:47:45.510]            pidr1 = Read32(ROMTableBase + 0x0FE4);
[14:47:45.510]              // -> [Read32(0xE00FFFE4) => 0x00000004]   (__dp=0x00000000, __ap=0x00000000)
[14:47:45.510]              // -> [pidr1 <= 0x00000004]
[14:47:45.510]            pidr2 = Read32(ROMTableBase + 0x0FE8);
[14:47:45.510]              // -> [Read32(0xE00FFFE8) => 0x0000000A]   (__dp=0x00000000, __ap=0x00000000)
[14:47:45.510]              // -> [pidr2 <= 0x0000000A]
[14:47:45.510]            jep106id = ((pidr2 & 0x7) << 4 ) | ((pidr1 >> 4) & 0xF);
[14:47:45.510]              // -> [jep106id <= 0x00000020]
[14:47:45.510]          </block>
[14:47:45.510]          <control if="jep106id != 0x20" while="" timeout="0" info="">
[14:47:45.510]            // if-block "jep106id != 0x20"
[14:47:45.510]              // =>  FALSE
[14:47:45.510]            // skip if-block "jep106id != 0x20"
[14:47:45.510]          </control>
[14:47:45.510]        </sequence>
[14:47:45.510]    </block>
[14:47:45.510]  </sequence>
[14:47:45.510]  
[14:47:45.510]  **********  Sequence "DebugCoreStart"  (Context="Connect", Pname="", info="")
[14:47:45.510]  
[14:47:45.510]  <debugvars>
[14:47:45.510]    // Pre-defined
[14:47:45.510]    __protocol=0x00010002      (Protocol="SWD", SWJ-DP="True")
[14:47:45.510]    __connection=0x00010202    (Connection Type="Flash", Reset Type="System Reset", Connection Under HW Reset)
[14:47:45.510]    __dp=0x00000000
[14:47:45.510]    __ap=0x00000000
[14:47:45.510]    __traceout=0x00000000      (Trace Disabled)
[14:47:45.510]    __errorcontrol=0x00000000  (Skip Errors="False")
[14:47:45.510]    __FlashAddr=0x00000000
[14:47:45.510]    __FlashLen=0x00000000
[14:47:45.510]    __FlashArg=0x00000000
[14:47:45.510]    __FlashOp=0x00000000
[14:47:45.510]    __Result=0x00000000
[14:47:45.510]    
[14:47:45.510]    // User-defined
[14:47:45.510]    DbgMCU_CR=0x00000007
[14:47:45.510]  </debugvars>
[14:47:45.510]  
[14:47:45.510]  <sequence name="DebugCoreStart" Pname="" disable="false" info="">
[14:47:45.510]    <block atomic="false" info="">
[14:47:45.510]      Write32(0xE000EDF0, 0xA05F0001);                                        // Enable Core Debug via DHCSR
[14:47:45.510]        // -> [Write32(0xE000EDF0, 0xA05F0001)]   (__dp=0x00000000, __ap=0x00000000)
[14:47:45.510]      Write32(0xE0042004, DbgMCU_CR);                                         // DBGMCU_CR: Configure MCU Debug
[14:47:45.510]        // -> [Write32(0xE0042004, 0x00000007)]   (__dp=0x00000000, __ap=0x00000000)
[14:47:45.510]    </block>
[14:47:45.510]  </sequence>
[14:47:45.510]  
[14:47:51.387]  **********  Sequence "DebugDeviceUnlock"  (Context="Connect", Pname="", info="")
[14:47:51.387]  
[14:47:51.411]  <debugvars>
[14:47:51.411]    // Pre-defined
[14:47:51.411]    __protocol=0x00010002      (Protocol="SWD", SWJ-DP="True")
[14:47:51.411]    __connection=0x00010201    (Connection Type="Debug", Reset Type="System Reset", Connection Under HW Reset)
[14:47:51.411]    __dp=0x00000000
[14:47:51.411]    __ap=0x00000000
[14:47:51.411]    __traceout=0x00000000      (Trace Disabled)
[14:47:51.411]    __errorcontrol=0x00000000  (Skip Errors="False")
[14:47:51.411]    __FlashAddr=0x00000000
[14:47:51.411]    __FlashLen=0x00000000
[14:47:51.411]    __FlashArg=0x00000000
[14:47:51.411]    __FlashOp=0x00000000
[14:47:51.411]    __Result=0x00000000
[14:47:51.411]    
[14:47:51.411]    // User-defined
[14:47:51.411]    DbgMCU_CR=0x00000007
[14:47:51.411]  </debugvars>
[14:47:51.411]  
[14:47:51.411]  <sequence name="DebugDeviceUnlock" Pname="" disable="false" info="">
[14:47:51.411]    <block atomic="false" info="">
[14:47:51.411]      Sequence("CheckID");
[14:47:51.411]        <sequence name="CheckID" Pname="" disable="false" info="">
[14:47:51.411]          <block atomic="false" info="">
[14:47:51.411]            __var pidr1 = 0;
[14:47:51.411]              // -> [pidr1 <= 0x00000000]
[14:47:51.411]            __var pidr2 = 0;
[14:47:51.411]              // -> [pidr2 <= 0x00000000]
[14:47:51.411]            __var jep106id = 0;
[14:47:51.411]              // -> [jep106id <= 0x00000000]
[14:47:51.411]            __var ROMTableBase = 0;
[14:47:51.411]              // -> [ROMTableBase <= 0x00000000]
[14:47:51.411]            __ap = 0;      // AHB-AP
[14:47:51.411]              // -> [__ap <= 0x00000000]
[14:47:51.411]            ROMTableBase = ReadAP(0xF8) & ~0x3;
[14:47:51.411]              // -> [ReadAP(0x000000F8) => 0xE00FF003]   (__dp=0x00000000, __ap=0x00000000)
[14:47:51.411]              // -> [ROMTableBase <= 0xE00FF000]
[14:47:51.411]            pidr1 = Read32(ROMTableBase + 0x0FE4);
[14:47:51.411]              // -> [Read32(0xE00FFFE4) => 0x00000004]   (__dp=0x00000000, __ap=0x00000000)
[14:47:51.411]              // -> [pidr1 <= 0x00000004]
[14:47:51.411]            pidr2 = Read32(ROMTableBase + 0x0FE8);
[14:47:51.411]              // -> [Read32(0xE00FFFE8) => 0x0000000A]   (__dp=0x00000000, __ap=0x00000000)
[14:47:51.411]              // -> [pidr2 <= 0x0000000A]
[14:47:51.411]            jep106id = ((pidr2 & 0x7) << 4 ) | ((pidr1 >> 4) & 0xF);
[14:47:51.411]              // -> [jep106id <= 0x00000020]
[14:47:51.411]          </block>
[14:47:51.411]          <control if="jep106id != 0x20" while="" timeout="0" info="">
[14:47:51.411]            // if-block "jep106id != 0x20"
[14:47:51.411]              // =>  FALSE
[14:47:51.411]            // skip if-block "jep106id != 0x20"
[14:47:51.411]          </control>
[14:47:51.411]        </sequence>
[14:47:51.411]    </block>
[14:47:51.411]  </sequence>
[14:47:51.411]  
[14:47:51.411]  **********  Sequence "DebugCoreStart"  (Context="Connect", Pname="", info="")
[14:47:51.411]  
[14:47:51.411]  <debugvars>
[14:47:51.411]    // Pre-defined
[14:47:51.411]    __protocol=0x00010002      (Protocol="SWD", SWJ-DP="True")
[14:47:51.411]    __connection=0x00010201    (Connection Type="Debug", Reset Type="System Reset", Connection Under HW Reset)
[14:47:51.411]    __dp=0x00000000
[14:47:51.411]    __ap=0x00000000
[14:47:51.411]    __traceout=0x00000000      (Trace Disabled)
[14:47:51.419]    __errorcontrol=0x00000000  (Skip Errors="False")
[14:47:51.419]    __FlashAddr=0x00000000
[14:47:51.419]    __FlashLen=0x00000000
[14:47:51.419]    __FlashArg=0x00000000
[14:47:51.419]    __FlashOp=0x00000000
[14:47:51.419]    __Result=0x00000000
[14:47:51.419]    
[14:47:51.419]    // User-defined
[14:47:51.419]    DbgMCU_CR=0x00000007
[14:47:51.419]  </debugvars>
[14:47:51.419]  
[14:47:51.419]  <sequence name="DebugCoreStart" Pname="" disable="false" info="">
[14:47:51.419]    <block atomic="false" info="">
[14:47:51.419]      Write32(0xE000EDF0, 0xA05F0001);                                        // Enable Core Debug via DHCSR
[14:47:51.420]        // -> [Write32(0xE000EDF0, 0xA05F0001)]   (__dp=0x00000000, __ap=0x00000000)
[14:47:51.420]      Write32(0xE0042004, DbgMCU_CR);                                         // DBGMCU_CR: Configure MCU Debug
[14:47:51.420]        // -> [Write32(0xE0042004, 0x00000007)]   (__dp=0x00000000, __ap=0x00000000)
[14:47:51.420]    </block>
[14:47:51.420]  </sequence>
[14:47:51.420]  
[14:52:41.795]  **********  Sequence "DebugDeviceUnlock"  (Context="Connect", Pname="", info="")
[14:52:41.795]  
[14:52:41.814]  <debugvars>
[14:52:41.814]    // Pre-defined
[14:52:41.814]    __protocol=0x00010002      (Protocol="SWD", SWJ-DP="True")
[14:52:41.814]    __connection=0x00010202    (Connection Type="Flash", Reset Type="System Reset", Connection Under HW Reset)
[14:52:41.814]    __dp=0x00000000
[14:52:41.814]    __ap=0x00000000
[14:52:41.814]    __traceout=0x00000000      (Trace Disabled)
[14:52:41.814]    __errorcontrol=0x00000000  (Skip Errors="False")
[14:52:41.814]    __FlashAddr=0x00000000
[14:52:41.814]    __FlashLen=0x00000000
[14:52:41.814]    __FlashArg=0x00000000
[14:52:41.814]    __FlashOp=0x00000000
[14:52:41.814]    __Result=0x00000000
[14:52:41.814]    
[14:52:41.814]    // User-defined
[14:52:41.814]    DbgMCU_CR=0x00000007
[14:52:41.814]  </debugvars>
[14:52:41.814]  
[14:52:41.814]  <sequence name="DebugDeviceUnlock" Pname="" disable="false" info="">
[14:52:41.814]    <block atomic="false" info="">
[14:52:41.814]      Sequence("CheckID");
[14:52:41.814]        <sequence name="CheckID" Pname="" disable="false" info="">
[14:52:41.814]          <block atomic="false" info="">
[14:52:41.814]            __var pidr1 = 0;
[14:52:41.814]              // -> [pidr1 <= 0x00000000]
[14:52:41.814]            __var pidr2 = 0;
[14:52:41.814]              // -> [pidr2 <= 0x00000000]
[14:52:41.814]            __var jep106id = 0;
[14:52:41.814]              // -> [jep106id <= 0x00000000]
[14:52:41.814]            __var ROMTableBase = 0;
[14:52:41.814]              // -> [ROMTableBase <= 0x00000000]
[14:52:41.814]            __ap = 0;      // AHB-AP
[14:52:41.814]              // -> [__ap <= 0x00000000]
[14:52:41.814]            ROMTableBase = ReadAP(0xF8) & ~0x3;
[14:52:41.814]              // -> [ReadAP(0x000000F8) => 0xE00FF003]   (__dp=0x00000000, __ap=0x00000000)
[14:52:41.814]              // -> [ROMTableBase <= 0xE00FF000]
[14:52:41.814]            pidr1 = Read32(ROMTableBase + 0x0FE4);
[14:52:41.814]              // -> [Read32(0xE00FFFE4) => 0x00000004]   (__dp=0x00000000, __ap=0x00000000)
[14:52:41.814]              // -> [pidr1 <= 0x00000004]
[14:52:41.814]            pidr2 = Read32(ROMTableBase + 0x0FE8);
[14:52:41.814]              // -> [Read32(0xE00FFFE8) => 0x0000000A]   (__dp=0x00000000, __ap=0x00000000)
[14:52:41.814]              // -> [pidr2 <= 0x0000000A]
[14:52:41.814]            jep106id = ((pidr2 & 0x7) << 4 ) | ((pidr1 >> 4) & 0xF);
[14:52:41.814]              // -> [jep106id <= 0x00000020]
[14:52:41.814]          </block>
[14:52:41.814]          <control if="jep106id != 0x20" while="" timeout="0" info="">
[14:52:41.814]            // if-block "jep106id != 0x20"
[14:52:41.814]              // =>  FALSE
[14:52:41.814]            // skip if-block "jep106id != 0x20"
[14:52:41.814]          </control>
[14:52:41.814]        </sequence>
[14:52:41.814]    </block>
[14:52:41.814]  </sequence>
[14:52:41.814]  
[14:52:41.814]  **********  Sequence "DebugCoreStart"  (Context="Connect", Pname="", info="")
[14:52:41.814]  
[14:52:41.814]  <debugvars>
[14:52:41.814]    // Pre-defined
[14:52:41.814]    __protocol=0x00010002      (Protocol="SWD", SWJ-DP="True")
[14:52:41.814]    __connection=0x00010202    (Connection Type="Flash", Reset Type="System Reset", Connection Under HW Reset)
[14:52:41.814]    __dp=0x00000000
[14:52:41.814]    __ap=0x00000000
[14:52:41.814]    __traceout=0x00000000      (Trace Disabled)
[14:52:41.814]    __errorcontrol=0x00000000  (Skip Errors="False")
[14:52:41.814]    __FlashAddr=0x00000000
[14:52:41.814]    __FlashLen=0x00000000
[14:52:41.814]    __FlashArg=0x00000000
[14:52:41.814]    __FlashOp=0x00000000
[14:52:41.814]    __Result=0x00000000
[14:52:41.814]    
[14:52:41.814]    // User-defined
[14:52:41.814]    DbgMCU_CR=0x00000007
[14:52:41.814]  </debugvars>
[14:52:41.814]  
[14:52:41.814]  <sequence name="DebugCoreStart" Pname="" disable="false" info="">
[14:52:41.814]    <block atomic="false" info="">
[14:52:41.814]      Write32(0xE000EDF0, 0xA05F0001);                                        // Enable Core Debug via DHCSR
[14:52:41.814]        // -> [Write32(0xE000EDF0, 0xA05F0001)]   (__dp=0x00000000, __ap=0x00000000)
[14:52:41.814]      Write32(0xE0042004, DbgMCU_CR);                                         // DBGMCU_CR: Configure MCU Debug
[14:52:41.814]        // -> [Write32(0xE0042004, 0x00000007)]   (__dp=0x00000000, __ap=0x00000000)
[14:52:41.814]    </block>
[14:52:41.814]  </sequence>
[14:52:41.814]  
[14:52:43.869]  **********  Sequence "DebugDeviceUnlock"  (Context="Connect", Pname="", info="")
[14:52:43.869]  
[14:52:43.888]  <debugvars>
[14:52:43.888]    // Pre-defined
[14:52:43.888]    __protocol=0x00010002      (Protocol="SWD", SWJ-DP="True")
[14:52:43.888]    __connection=0x00010201    (Connection Type="Debug", Reset Type="System Reset", Connection Under HW Reset)
[14:52:43.888]    __dp=0x00000000
[14:52:43.888]    __ap=0x00000000
[14:52:43.888]    __traceout=0x00000000      (Trace Disabled)
[14:52:43.888]    __errorcontrol=0x00000000  (Skip Errors="False")
[14:52:43.888]    __FlashAddr=0x00000000
[14:52:43.888]    __FlashLen=0x00000000
[14:52:43.888]    __FlashArg=0x00000000
[14:52:43.888]    __FlashOp=0x00000000
[14:52:43.888]    __Result=0x00000000
[14:52:43.888]    
[14:52:43.888]    // User-defined
[14:52:43.888]    DbgMCU_CR=0x00000007
[14:52:43.888]  </debugvars>
[14:52:43.888]  
[14:52:43.888]  <sequence name="DebugDeviceUnlock" Pname="" disable="false" info="">
[14:52:43.888]    <block atomic="false" info="">
[14:52:43.888]      Sequence("CheckID");
[14:52:43.888]        <sequence name="CheckID" Pname="" disable="false" info="">
[14:52:43.888]          <block atomic="false" info="">
[14:52:43.888]            __var pidr1 = 0;
[14:52:43.888]              // -> [pidr1 <= 0x00000000]
[14:52:43.888]            __var pidr2 = 0;
[14:52:43.888]              // -> [pidr2 <= 0x00000000]
[14:52:43.888]            __var jep106id = 0;
[14:52:43.888]              // -> [jep106id <= 0x00000000]
[14:52:43.888]            __var ROMTableBase = 0;
[14:52:43.888]              // -> [ROMTableBase <= 0x00000000]
[14:52:43.888]            __ap = 0;      // AHB-AP
[14:52:43.888]              // -> [__ap <= 0x00000000]
[14:52:43.888]            ROMTableBase = ReadAP(0xF8) & ~0x3;
[14:52:43.888]              // -> [ReadAP(0x000000F8) => 0xE00FF003]   (__dp=0x00000000, __ap=0x00000000)
[14:52:43.888]              // -> [ROMTableBase <= 0xE00FF000]
[14:52:43.888]            pidr1 = Read32(ROMTableBase + 0x0FE4);
[14:52:43.888]              // -> [Read32(0xE00FFFE4) => 0x00000004]   (__dp=0x00000000, __ap=0x00000000)
[14:52:43.888]              // -> [pidr1 <= 0x00000004]
[14:52:43.888]            pidr2 = Read32(ROMTableBase + 0x0FE8);
[14:52:43.888]              // -> [Read32(0xE00FFFE8) => 0x0000000A]   (__dp=0x00000000, __ap=0x00000000)
[14:52:43.888]              // -> [pidr2 <= 0x0000000A]
[14:52:43.888]            jep106id = ((pidr2 & 0x7) << 4 ) | ((pidr1 >> 4) & 0xF);
[14:52:43.888]              // -> [jep106id <= 0x00000020]
[14:52:43.888]          </block>
[14:52:43.888]          <control if="jep106id != 0x20" while="" timeout="0" info="">
[14:52:43.888]            // if-block "jep106id != 0x20"
[14:52:43.888]              // =>  FALSE
[14:52:43.888]            // skip if-block "jep106id != 0x20"
[14:52:43.888]          </control>
[14:52:43.888]        </sequence>
[14:52:43.888]    </block>
[14:52:43.888]  </sequence>
[14:52:43.888]  
[14:52:43.888]  **********  Sequence "DebugCoreStart"  (Context="Connect", Pname="", info="")
[14:52:43.888]  
[14:52:43.888]  <debugvars>
[14:52:43.888]    // Pre-defined
[14:52:43.888]    __protocol=0x00010002      (Protocol="SWD", SWJ-DP="True")
[14:52:43.888]    __connection=0x00010201    (Connection Type="Debug", Reset Type="System Reset", Connection Under HW Reset)
[14:52:43.888]    __dp=0x00000000
[14:52:43.888]    __ap=0x00000000
[14:52:43.888]    __traceout=0x00000000      (Trace Disabled)
[14:52:43.888]    __errorcontrol=0x00000000  (Skip Errors="False")
[14:52:43.888]    __FlashAddr=0x00000000
[14:52:43.888]    __FlashLen=0x00000000
[14:52:43.888]    __FlashArg=0x00000000
[14:52:43.888]    __FlashOp=0x00000000
[14:52:43.888]    __Result=0x00000000
[14:52:43.888]    
[14:52:43.888]    // User-defined
[14:52:43.888]    DbgMCU_CR=0x00000007
[14:52:43.888]  </debugvars>
[14:52:43.888]  
[14:52:43.888]  <sequence name="DebugCoreStart" Pname="" disable="false" info="">
[14:52:43.888]    <block atomic="false" info="">
[14:52:43.888]      Write32(0xE000EDF0, 0xA05F0001);                                        // Enable Core Debug via DHCSR
[14:52:43.888]        // -> [Write32(0xE000EDF0, 0xA05F0001)]   (__dp=0x00000000, __ap=0x00000000)
[14:52:43.888]      Write32(0xE0042004, DbgMCU_CR);                                         // DBGMCU_CR: Configure MCU Debug
[14:52:43.888]        // -> [Write32(0xE0042004, 0x00000007)]   (__dp=0x00000000, __ap=0x00000000)
[14:52:43.888]    </block>
[14:52:43.888]  </sequence>
[14:52:43.888]  
[15:02:04.938]  **********  Sequence "DebugDeviceUnlock"  (Context="Connect", Pname="", info="")
[15:02:04.938]  
[15:02:04.950]  <debugvars>
[15:02:04.950]    // Pre-defined
[15:02:04.950]    __protocol=0x00010002      (Protocol="SWD", SWJ-DP="True")
[15:02:04.950]    __connection=0x00010202    (Connection Type="Flash", Reset Type="System Reset", Connection Under HW Reset)
[15:02:04.950]    __dp=0x00000000
[15:02:04.950]    __ap=0x00000000
[15:02:04.950]    __traceout=0x00000000      (Trace Disabled)
[15:02:04.950]    __errorcontrol=0x00000000  (Skip Errors="False")
[15:02:04.950]    __FlashAddr=0x00000000
[15:02:04.950]    __FlashLen=0x00000000
[15:02:04.950]    __FlashArg=0x00000000
[15:02:04.950]    __FlashOp=0x00000000
[15:02:04.950]    __Result=0x00000000
[15:02:04.950]    
[15:02:04.950]    // User-defined
[15:02:04.950]    DbgMCU_CR=0x00000007
[15:02:04.950]  </debugvars>
[15:02:04.950]  
[15:02:04.950]  <sequence name="DebugDeviceUnlock" Pname="" disable="false" info="">
[15:02:04.950]    <block atomic="false" info="">
[15:02:04.950]      Sequence("CheckID");
[15:02:04.950]        <sequence name="CheckID" Pname="" disable="false" info="">
[15:02:04.950]          <block atomic="false" info="">
[15:02:04.950]            __var pidr1 = 0;
[15:02:04.953]              // -> [pidr1 <= 0x00000000]
[15:02:04.953]            __var pidr2 = 0;
[15:02:04.953]              // -> [pidr2 <= 0x00000000]
[15:02:04.953]            __var jep106id = 0;
[15:02:04.953]              // -> [jep106id <= 0x00000000]
[15:02:04.953]            __var ROMTableBase = 0;
[15:02:04.953]              // -> [ROMTableBase <= 0x00000000]
[15:02:04.953]            __ap = 0;      // AHB-AP
[15:02:04.953]              // -> [__ap <= 0x00000000]
[15:02:04.953]            ROMTableBase = ReadAP(0xF8) & ~0x3;
[15:02:04.953]              // -> [ReadAP(0x000000F8) => 0xE00FF003]   (__dp=0x00000000, __ap=0x00000000)
[15:02:04.953]              // -> [ROMTableBase <= 0xE00FF000]
[15:02:04.953]            pidr1 = Read32(ROMTableBase + 0x0FE4);
[15:02:04.953]              // -> [Read32(0xE00FFFE4) => 0x00000004]   (__dp=0x00000000, __ap=0x00000000)
[15:02:04.953]              // -> [pidr1 <= 0x00000004]
[15:02:04.953]            pidr2 = Read32(ROMTableBase + 0x0FE8);
[15:02:04.953]              // -> [Read32(0xE00FFFE8) => 0x0000000A]   (__dp=0x00000000, __ap=0x00000000)
[15:02:04.953]              // -> [pidr2 <= 0x0000000A]
[15:02:04.953]            jep106id = ((pidr2 & 0x7) << 4 ) | ((pidr1 >> 4) & 0xF);
[15:02:04.953]              // -> [jep106id <= 0x00000020]
[15:02:04.953]          </block>
[15:02:04.953]          <control if="jep106id != 0x20" while="" timeout="0" info="">
[15:02:04.953]            // if-block "jep106id != 0x20"
[15:02:04.953]              // =>  FALSE
[15:02:04.953]            // skip if-block "jep106id != 0x20"
[15:02:04.953]          </control>
[15:02:04.953]        </sequence>
[15:02:04.953]    </block>
[15:02:04.953]  </sequence>
[15:02:04.953]  
[15:02:04.953]  **********  Sequence "DebugCoreStart"  (Context="Connect", Pname="", info="")
[15:02:04.953]  
[15:02:04.953]  <debugvars>
[15:02:04.953]    // Pre-defined
[15:02:04.953]    __protocol=0x00010002      (Protocol="SWD", SWJ-DP="True")
[15:02:04.953]    __connection=0x00010202    (Connection Type="Flash", Reset Type="System Reset", Connection Under HW Reset)
[15:02:04.953]    __dp=0x00000000
[15:02:04.953]    __ap=0x00000000
[15:02:04.953]    __traceout=0x00000000      (Trace Disabled)
[15:02:04.953]    __errorcontrol=0x00000000  (Skip Errors="False")
[15:02:04.953]    __FlashAddr=0x00000000
[15:02:04.953]    __FlashLen=0x00000000
[15:02:04.953]    __FlashArg=0x00000000
[15:02:04.953]    __FlashOp=0x00000000
[15:02:04.953]    __Result=0x00000000
[15:02:04.953]    
[15:02:04.953]    // User-defined
[15:02:04.953]    DbgMCU_CR=0x00000007
[15:02:04.953]  </debugvars>
[15:02:04.953]  
[15:02:04.953]  <sequence name="DebugCoreStart" Pname="" disable="false" info="">
[15:02:04.953]    <block atomic="false" info="">
[15:02:04.953]      Write32(0xE000EDF0, 0xA05F0001);                                        // Enable Core Debug via DHCSR
[15:02:04.953]        // -> [Write32(0xE000EDF0, 0xA05F0001)]   (__dp=0x00000000, __ap=0x00000000)
[15:02:04.953]      Write32(0xE0042004, DbgMCU_CR);                                         // DBGMCU_CR: Configure MCU Debug
[15:02:04.953]        // -> [Write32(0xE0042004, 0x00000007)]   (__dp=0x00000000, __ap=0x00000000)
[15:02:04.953]    </block>
[15:02:04.953]  </sequence>
[15:02:04.953]  
[15:02:53.921]  **********  Sequence "DebugDeviceUnlock"  (Context="Connect", Pname="", info="")
[15:02:53.921]  
[15:02:53.934]  <debugvars>
[15:02:53.934]    // Pre-defined
[15:02:53.934]    __protocol=0x00010002      (Protocol="SWD", SWJ-DP="True")
[15:02:53.934]    __connection=0x00010201    (Connection Type="Debug", Reset Type="System Reset", Connection Under HW Reset)
[15:02:53.934]    __dp=0x00000000
[15:02:53.934]    __ap=0x00000000
[15:02:53.934]    __traceout=0x00000000      (Trace Disabled)
[15:02:53.934]    __errorcontrol=0x00000000  (Skip Errors="False")
[15:02:53.934]    __FlashAddr=0x00000000
[15:02:53.934]    __FlashLen=0x00000000
[15:02:53.936]    __FlashArg=0x00000000
[15:02:53.936]    __FlashOp=0x00000000
[15:02:53.936]    __Result=0x00000000
[15:02:53.936]    
[15:02:53.936]    // User-defined
[15:02:53.936]    DbgMCU_CR=0x00000007
[15:02:53.936]  </debugvars>
[15:02:53.936]  
[15:02:53.936]  <sequence name="DebugDeviceUnlock" Pname="" disable="false" info="">
[15:02:53.936]    <block atomic="false" info="">
[15:02:53.936]      Sequence("CheckID");
[15:02:53.936]        <sequence name="CheckID" Pname="" disable="false" info="">
[15:02:53.936]          <block atomic="false" info="">
[15:02:53.936]            __var pidr1 = 0;
[15:02:53.936]              // -> [pidr1 <= 0x00000000]
[15:02:53.936]            __var pidr2 = 0;
[15:02:53.936]              // -> [pidr2 <= 0x00000000]
[15:02:53.936]            __var jep106id = 0;
[15:02:53.936]              // -> [jep106id <= 0x00000000]
[15:02:53.936]            __var ROMTableBase = 0;
[15:02:53.936]              // -> [ROMTableBase <= 0x00000000]
[15:02:53.936]            __ap = 0;      // AHB-AP
[15:02:53.936]              // -> [__ap <= 0x00000000]
[15:02:53.936]            ROMTableBase = ReadAP(0xF8) & ~0x3;
[15:02:53.936]              // -> [ReadAP(0x000000F8) => 0xE00FF003]   (__dp=0x00000000, __ap=0x00000000)
[15:02:53.936]              // -> [ROMTableBase <= 0xE00FF000]
[15:02:53.936]            pidr1 = Read32(ROMTableBase + 0x0FE4);
[15:02:53.936]              // -> [Read32(0xE00FFFE4) => 0x00000004]   (__dp=0x00000000, __ap=0x00000000)
[15:02:53.936]              // -> [pidr1 <= 0x00000004]
[15:02:53.936]            pidr2 = Read32(ROMTableBase + 0x0FE8);
[15:02:53.936]              // -> [Read32(0xE00FFFE8) => 0x0000000A]   (__dp=0x00000000, __ap=0x00000000)
[15:02:53.936]              // -> [pidr2 <= 0x0000000A]
[15:02:53.936]            jep106id = ((pidr2 & 0x7) << 4 ) | ((pidr1 >> 4) & 0xF);
[15:02:53.936]              // -> [jep106id <= 0x00000020]
[15:02:53.936]          </block>
[15:02:53.936]          <control if="jep106id != 0x20" while="" timeout="0" info="">
[15:02:53.936]            // if-block "jep106id != 0x20"
[15:02:53.936]              // =>  FALSE
[15:02:53.936]            // skip if-block "jep106id != 0x20"
[15:02:53.936]          </control>
[15:02:53.936]        </sequence>
[15:02:53.936]    </block>
[15:02:53.936]  </sequence>
[15:02:53.936]  
[15:02:53.936]  **********  Sequence "DebugCoreStart"  (Context="Connect", Pname="", info="")
[15:02:53.936]  
[15:02:53.936]  <debugvars>
[15:02:53.936]    // Pre-defined
[15:02:53.936]    __protocol=0x00010002      (Protocol="SWD", SWJ-DP="True")
[15:02:53.936]    __connection=0x00010201    (Connection Type="Debug", Reset Type="System Reset", Connection Under HW Reset)
[15:02:53.936]    __dp=0x00000000
[15:02:53.936]    __ap=0x00000000
[15:02:53.936]    __traceout=0x00000000      (Trace Disabled)
[15:02:53.936]    __errorcontrol=0x00000000  (Skip Errors="False")
[15:02:53.936]    __FlashAddr=0x00000000
[15:02:53.936]    __FlashLen=0x00000000
[15:02:53.936]    __FlashArg=0x00000000
[15:02:53.936]    __FlashOp=0x00000000
[15:02:53.936]    __Result=0x00000000
[15:02:53.936]    
[15:02:53.936]    // User-defined
[15:02:53.936]    DbgMCU_CR=0x00000007
[15:02:53.936]  </debugvars>
[15:02:53.936]  
[15:02:53.936]  <sequence name="DebugCoreStart" Pname="" disable="false" info="">
[15:02:53.936]    <block atomic="false" info="">
[15:02:53.936]      Write32(0xE000EDF0, 0xA05F0001);                                        // Enable Core Debug via DHCSR
[15:02:53.936]        // -> [Write32(0xE000EDF0, 0xA05F0001)]   (__dp=0x00000000, __ap=0x00000000)
[15:02:53.936]      Write32(0xE0042004, DbgMCU_CR);                                         // DBGMCU_CR: Configure MCU Debug
[15:02:53.936]        // -> [Write32(0xE0042004, 0x00000007)]   (__dp=0x00000000, __ap=0x00000000)
[15:02:53.936]    </block>
[15:02:53.936]  </sequence>
[15:02:53.936]  
[15:07:25.483]  **********  Sequence "DebugDeviceUnlock"  (Context="Connect", Pname="", info="")
[15:07:25.483]  
[15:07:25.483]  <debugvars>
[15:07:25.483]    // Pre-defined
[15:07:25.483]    __protocol=0x00010002      (Protocol="SWD", SWJ-DP="True")
[15:07:25.483]    __connection=0x00010202    (Connection Type="Flash", Reset Type="System Reset", Connection Under HW Reset)
[15:07:25.483]    __dp=0x00000000
[15:07:25.483]    __ap=0x00000000
[15:07:25.483]    __traceout=0x00000000      (Trace Disabled)
[15:07:25.483]    __errorcontrol=0x00000000  (Skip Errors="False")
[15:07:25.483]    __FlashAddr=0x00000000
[15:07:25.483]    __FlashLen=0x00000000
[15:07:25.483]    __FlashArg=0x00000000
[15:07:25.483]    __FlashOp=0x00000000
[15:07:25.483]    __Result=0x00000000
[15:07:25.483]    
[15:07:25.483]    // User-defined
[15:07:25.483]    DbgMCU_CR=0x00000007
[15:07:25.483]  </debugvars>
[15:07:25.483]  
[15:07:25.483]  <sequence name="DebugDeviceUnlock" Pname="" disable="false" info="">
[15:07:25.483]    <block atomic="false" info="">
[15:07:25.483]      Sequence("CheckID");
[15:07:25.483]        <sequence name="CheckID" Pname="" disable="false" info="">
[15:07:25.483]          <block atomic="false" info="">
[15:07:25.483]            __var pidr1 = 0;
[15:07:25.483]              // -> [pidr1 <= 0x00000000]
[15:07:25.483]            __var pidr2 = 0;
[15:07:25.483]              // -> [pidr2 <= 0x00000000]
[15:07:25.483]            __var jep106id = 0;
[15:07:25.483]              // -> [jep106id <= 0x00000000]
[15:07:25.483]            __var ROMTableBase = 0;
[15:07:25.483]              // -> [ROMTableBase <= 0x00000000]
[15:07:25.483]            __ap = 0;      // AHB-AP
[15:07:25.483]              // -> [__ap <= 0x00000000]
[15:07:25.483]            ROMTableBase = ReadAP(0xF8) & ~0x3;
[15:07:25.483]              // -> [ReadAP(0x000000F8) => 0xE00FF003]   (__dp=0x00000000, __ap=0x00000000)
[15:07:25.483]              // -> [ROMTableBase <= 0xE00FF000]
[15:07:25.483]            pidr1 = Read32(ROMTableBase + 0x0FE4);
[15:07:25.483]              // -> [Read32(0xE00FFFE4) => 0x00000004]   (__dp=0x00000000, __ap=0x00000000)
[15:07:25.483]              // -> [pidr1 <= 0x00000004]
[15:07:25.483]            pidr2 = Read32(ROMTableBase + 0x0FE8);
[15:07:25.483]              // -> [Read32(0xE00FFFE8) => 0x0000000A]   (__dp=0x00000000, __ap=0x00000000)
[15:07:25.483]              // -> [pidr2 <= 0x0000000A]
[15:07:25.483]            jep106id = ((pidr2 & 0x7) << 4 ) | ((pidr1 >> 4) & 0xF);
[15:07:25.483]              // -> [jep106id <= 0x00000020]
[15:07:25.483]          </block>
[15:07:25.483]          <control if="jep106id != 0x20" while="" timeout="0" info="">
[15:07:25.483]            // if-block "jep106id != 0x20"
[15:07:25.483]              // =>  FALSE
[15:07:25.483]            // skip if-block "jep106id != 0x20"
[15:07:25.483]          </control>
[15:07:25.483]        </sequence>
[15:07:25.483]    </block>
[15:07:25.483]  </sequence>
[15:07:25.483]  
[15:07:25.483]  **********  Sequence "DebugCoreStart"  (Context="Connect", Pname="", info="")
[15:07:25.483]  
[15:07:25.483]  <debugvars>
[15:07:25.483]    // Pre-defined
[15:07:25.483]    __protocol=0x00010002      (Protocol="SWD", SWJ-DP="True")
[15:07:25.498]    __connection=0x00010202    (Connection Type="Flash", Reset Type="System Reset", Connection Under HW Reset)
[15:07:25.498]    __dp=0x00000000
[15:07:25.498]    __ap=0x00000000
[15:07:25.498]    __traceout=0x00000000      (Trace Disabled)
[15:07:25.498]    __errorcontrol=0x00000000  (Skip Errors="False")
[15:07:25.498]    __FlashAddr=0x00000000
[15:07:25.498]    __FlashLen=0x00000000
[15:07:25.498]    __FlashArg=0x00000000
[15:07:25.498]    __FlashOp=0x00000000
[15:07:25.498]    __Result=0x00000000
[15:07:25.498]    
[15:07:25.498]    // User-defined
[15:07:25.498]    DbgMCU_CR=0x00000007
[15:07:25.498]  </debugvars>
[15:07:25.498]  
[15:07:25.498]  <sequence name="DebugCoreStart" Pname="" disable="false" info="">
[15:07:25.498]    <block atomic="false" info="">
[15:07:25.498]      Write32(0xE000EDF0, 0xA05F0001);                                        // Enable Core Debug via DHCSR
[15:07:25.498]        // -> [Write32(0xE000EDF0, 0xA05F0001)]   (__dp=0x00000000, __ap=0x00000000)
[15:07:25.498]      Write32(0xE0042004, DbgMCU_CR);                                         // DBGMCU_CR: Configure MCU Debug
[15:07:25.498]        // -> [Write32(0xE0042004, 0x00000007)]   (__dp=0x00000000, __ap=0x00000000)
[15:07:25.498]    </block>
[15:07:25.498]  </sequence>
[15:07:25.498]  
[15:07:27.552]  **********  Sequence "DebugDeviceUnlock"  (Context="Connect", Pname="", info="")
[15:07:27.552]  
[15:07:27.577]  <debugvars>
[15:07:27.577]    // Pre-defined
[15:07:27.577]    __protocol=0x00010002      (Protocol="SWD", SWJ-DP="True")
[15:07:27.577]    __connection=0x00010201    (Connection Type="Debug", Reset Type="System Reset", Connection Under HW Reset)
[15:07:27.577]    __dp=0x00000000
[15:07:27.577]    __ap=0x00000000
[15:07:27.577]    __traceout=0x00000000      (Trace Disabled)
[15:07:27.577]    __errorcontrol=0x00000000  (Skip Errors="False")
[15:07:27.577]    __FlashAddr=0x00000000
[15:07:27.577]    __FlashLen=0x00000000
[15:07:27.577]    __FlashArg=0x00000000
[15:07:27.577]    __FlashOp=0x00000000
[15:07:27.577]    __Result=0x00000000
[15:07:27.577]    
[15:07:27.577]    // User-defined
[15:07:27.577]    DbgMCU_CR=0x00000007
[15:07:27.577]  </debugvars>
[15:07:27.577]  
[15:07:27.577]  <sequence name="DebugDeviceUnlock" Pname="" disable="false" info="">
[15:07:27.577]    <block atomic="false" info="">
[15:07:27.577]      Sequence("CheckID");
[15:07:27.577]        <sequence name="CheckID" Pname="" disable="false" info="">
[15:07:27.577]          <block atomic="false" info="">
[15:07:27.577]            __var pidr1 = 0;
[15:07:27.577]              // -> [pidr1 <= 0x00000000]
[15:07:27.577]            __var pidr2 = 0;
[15:07:27.577]              // -> [pidr2 <= 0x00000000]
[15:07:27.577]            __var jep106id = 0;
[15:07:27.577]              // -> [jep106id <= 0x00000000]
[15:07:27.577]            __var ROMTableBase = 0;
[15:07:27.577]              // -> [ROMTableBase <= 0x00000000]
[15:07:27.577]            __ap = 0;      // AHB-AP
[15:07:27.577]              // -> [__ap <= 0x00000000]
[15:07:27.577]            ROMTableBase = ReadAP(0xF8) & ~0x3;
[15:07:27.577]              // -> [ReadAP(0x000000F8) => 0xE00FF003]   (__dp=0x00000000, __ap=0x00000000)
[15:07:27.577]              // -> [ROMTableBase <= 0xE00FF000]
[15:07:27.577]            pidr1 = Read32(ROMTableBase + 0x0FE4);
[15:07:27.577]              // -> [Read32(0xE00FFFE4) => 0x00000004]   (__dp=0x00000000, __ap=0x00000000)
[15:07:27.577]              // -> [pidr1 <= 0x00000004]
[15:07:27.577]            pidr2 = Read32(ROMTableBase + 0x0FE8);
[15:07:27.577]              // -> [Read32(0xE00FFFE8) => 0x0000000A]   (__dp=0x00000000, __ap=0x00000000)
[15:07:27.577]              // -> [pidr2 <= 0x0000000A]
[15:07:27.577]            jep106id = ((pidr2 & 0x7) << 4 ) | ((pidr1 >> 4) & 0xF);
[15:07:27.577]              // -> [jep106id <= 0x00000020]
[15:07:27.577]          </block>
[15:07:27.577]          <control if="jep106id != 0x20" while="" timeout="0" info="">
[15:07:27.584]            // if-block "jep106id != 0x20"
[15:07:27.584]              // =>  FALSE
[15:07:27.584]            // skip if-block "jep106id != 0x20"
[15:07:27.584]          </control>
[15:07:27.584]        </sequence>
[15:07:27.584]    </block>
[15:07:27.584]  </sequence>
[15:07:27.584]  
[15:07:27.584]  **********  Sequence "DebugCoreStart"  (Context="Connect", Pname="", info="")
[15:07:27.584]  
[15:07:27.584]  <debugvars>
[15:07:27.584]    // Pre-defined
[15:07:27.584]    __protocol=0x00010002      (Protocol="SWD", SWJ-DP="True")
[15:07:27.584]    __connection=0x00010201    (Connection Type="Debug", Reset Type="System Reset", Connection Under HW Reset)
[15:07:27.584]    __dp=0x00000000
[15:07:27.584]    __ap=0x00000000
[15:07:27.584]    __traceout=0x00000000      (Trace Disabled)
[15:07:27.584]    __errorcontrol=0x00000000  (Skip Errors="False")
[15:07:27.584]    __FlashAddr=0x00000000
[15:07:27.584]    __FlashLen=0x00000000
[15:07:27.584]    __FlashArg=0x00000000
[15:07:27.584]    __FlashOp=0x00000000
[15:07:27.584]    __Result=0x00000000
[15:07:27.584]    
[15:07:27.584]    // User-defined
[15:07:27.584]    DbgMCU_CR=0x00000007
[15:07:27.584]  </debugvars>
[15:07:27.584]  
[15:07:27.584]  <sequence name="DebugCoreStart" Pname="" disable="false" info="">
[15:07:27.584]    <block atomic="false" info="">
[15:07:27.584]      Write32(0xE000EDF0, 0xA05F0001);                                        // Enable Core Debug via DHCSR
[15:07:27.584]        // -> [Write32(0xE000EDF0, 0xA05F0001)]   (__dp=0x00000000, __ap=0x00000000)
[15:07:27.584]      Write32(0xE0042004, DbgMCU_CR);                                         // DBGMCU_CR: Configure MCU Debug
[15:07:27.584]        // -> [Write32(0xE0042004, 0x00000007)]   (__dp=0x00000000, __ap=0x00000000)
[15:07:27.584]    </block>
[15:07:27.584]  </sequence>
[15:07:27.584]  
